::1 - GET /v1/user/0 HTTP/1.1 - - - - ms
::1 - GET /ajax/a1.html HTTP/1.1 304 - - 3.630 ms
::1 - GET /ajax/jquery1.8.3.js HTTP/1.1 304 - - 2.203 ms
::1 - POST /v2/user/getall HTTP/1.1 200 2973 - 21.366 ms
::1 - GET /v1/user/0 HTTP/1.1 - - - - ms
::1 - GET /v1/user/11 HTTP/1.1 - - - - ms
::1 - GET /v1/user/0 HTTP/1.1 - - - - ms
::1 - GET /v1/user/11 HTTP/1.1 - - - - ms
::1 - - [31/May/2018:09:23:28 +0000] "GET /ajax/a1.html HTTP/1.1" 304 - "-" "Mozilla/5.0 (Windows NT 6.1; Win64; x64) AppleWebKit/537.36 (KHTML, like Gecko) Chrome/67.0.3396.62 Safari/537.36"
::1 - - [31/May/2018:09:23:28 +0000] "GET /ajax/jquery1.8.3.js HTTP/1.1" 304 - "http://localhost:3000/ajax/a1.html" "Mozilla/5.0 (Windows NT 6.1; Win64; x64) AppleWebKit/537.36 (KHTML, like Gecko) Chrome/67.0.3396.62 Safari/537.36"
::1 - - [31/May/2018:09:23:28 +0000] "POST /v2/user/getall HTTP/1.1" 200 2973 "http://localhost:3000/ajax/a1.html" "Mozilla/5.0 (Windows NT 6.1; Win64; x64) AppleWebKit/537.36 (KHTML, like Gecko) Chrome/67.0.3396.62 Safari/537.36"
::1 - - [31/May/2018:09:25:24 +0000] "GET /v1/user/0 HTTP/1.1" - - "-" "Mozilla/5.0 (Windows NT 6.1; Win64; x64) AppleWebKit/537.36 (KHTML, like Gecko) Chrome/67.0.3396.62 Safari/537.36"
::1 - - [31/May/2018:09:25:28 +0000] "GET /v1/user/11 HTTP/1.1" - - "http://localhost:3000/ajax/a1.html" "Mozilla/5.0 (Windows NT 6.1; Win64; x64) AppleWebKit/537.36 (KHTML, like Gecko) Chrome/67.0.3396.62 Safari/537.36"
::1 - - [31/May/2018:09:27:24 +0000] "GET /v1/user/0 HTTP/1.1" - - "-" "Mozilla/5.0 (Windows NT 6.1; Win64; x64) AppleWebKit/537.36 (KHTML, like Gecko) Chrome/67.0.3396.62 Safari/537.36"
::1 - - [31/May/2018:09:27:28 +0000] "GET /v1/user/11 HTTP/1.1" - - "http://localhost:3000/ajax/a1.html" "Mozilla/5.0 (Windows NT 6.1; Win64; x64) AppleWebKit/537.36 (KHTML, like Gecko) Chrome/67.0.3396.62 Safari/537.36"
::1 - - [31/May/2018:09:30:30 +0000] "GET /ajax/a1.html HTTP/1.1" 200 3444 "-" "Mozilla/5.0 (Windows NT 6.1; Win64; x64) AppleWebKit/537.36 (KHTML, like Gecko) Chrome/67.0.3396.62 Safari/537.36"
::1 - - [31/May/2018:09:30:30 +0000] "GET /ajax/jquery1.8.3.js HTTP/1.1" 304 - "http://localhost:3000/ajax/a1.html" "Mozilla/5.0 (Windows NT 6.1; Win64; x64) AppleWebKit/537.36 (KHTML, like Gecko) Chrome/67.0.3396.62 Safari/537.36"
::1 - - [31/May/2018:09:30:30 +0000] "POST /v2/user/getall HTTP/1.1" 200 2973 "http://localhost:3000/ajax/a1.html" "Mozilla/5.0 (Windows NT 6.1; Win64; x64) AppleWebKit/537.36 (KHTML, like Gecko) Chrome/67.0.3396.62 Safari/537.36"
::1 - - [31/May/2018:09:30:30 +0000] "GET /v1/user11/11 HTTP/1.1" 404 1813 "http://localhost:3000/ajax/a1.html" "Mozilla/5.0 (Windows NT 6.1; Win64; x64) AppleWebKit/537.36 (KHTML, like Gecko) Chrome/67.0.3396.62 Safari/537.36"
::1 - - [31/May/2018:09:31:13 +0000] "GET /ajax/a1.html HTTP/1.1" 304 - "-" "Mozilla/5.0 (Windows NT 6.1; Win64; x64) AppleWebKit/537.36 (KHTML, like Gecko) Chrome/67.0.3396.62 Safari/537.36"
::1 - - [31/May/2018:09:31:13 +0000] "GET /ajax/jquery1.8.3.js HTTP/1.1" 304 - "http://localhost:3000/ajax/a1.html" "Mozilla/5.0 (Windows NT 6.1; Win64; x64) AppleWebKit/537.36 (KHTML, like Gecko) Chrome/67.0.3396.62 Safari/537.36"
::1 - - [31/May/2018:09:31:13 +0000] "POST /v2/user/getall HTTP/1.1" 200 2973 "http://localhost:3000/ajax/a1.html" "Mozilla/5.0 (Windows NT 6.1; Win64; x64) AppleWebKit/537.36 (KHTML, like Gecko) Chrome/67.0.3396.62 Safari/537.36"
::1 - - [31/May/2018:09:31:13 +0000] "GET /v1/user11/11 HTTP/1.1" 404 1813 "http://localhost:3000/ajax/a1.html" "Mozilla/5.0 (Windows NT 6.1; Win64; x64) AppleWebKit/537.36 (KHTML, like Gecko) Chrome/67.0.3396.62 Safari/537.36"
::1 - - [31/May/2018:09:31:28 +0000] "GET /ajax/a1.html HTTP/1.1" 304 - "-" "Mozilla/5.0 (Windows NT 6.1; Win64; x64) AppleWebKit/537.36 (KHTML, like Gecko) Chrome/67.0.3396.62 Safari/537.36"
::1 - - [31/May/2018:09:31:28 +0000] "GET /ajax/jquery1.8.3.js HTTP/1.1" 304 - "http://localhost:3000/ajax/a1.html" "Mozilla/5.0 (Windows NT 6.1; Win64; x64) AppleWebKit/537.36 (KHTML, like Gecko) Chrome/67.0.3396.62 Safari/537.36"
::1 - - [31/May/2018:09:31:28 +0000] "POST /v2/user/getall HTTP/1.1" 200 2973 "http://localhost:3000/ajax/a1.html" "Mozilla/5.0 (Windows NT 6.1; Win64; x64) AppleWebKit/537.36 (KHTML, like Gecko) Chrome/67.0.3396.62 Safari/537.36"
::1 - - [31/May/2018:09:31:28 +0000] "GET /v1/user11/11 HTTP/1.1" 404 1813 "http://localhost:3000/ajax/a1.html" "Mozilla/5.0 (Windows NT 6.1; Win64; x64) AppleWebKit/537.36 (KHTML, like Gecko) Chrome/67.0.3396.62 Safari/537.36"
::1 - - [31/May/2018:09:31:28 +0000] "GET /ajax/a1.html HTTP/1.1" 304 - "-" "Mozilla/5.0 (Windows NT 6.1; Win64; x64) AppleWebKit/537.36 (KHTML, like Gecko) Chrome/67.0.3396.62 Safari/537.36"
::1 - - [31/May/2018:09:31:28 +0000] "GET /ajax/jquery1.8.3.js HTTP/1.1" 304 - "http://localhost:3000/ajax/a1.html" "Mozilla/5.0 (Windows NT 6.1; Win64; x64) AppleWebKit/537.36 (KHTML, like Gecko) Chrome/67.0.3396.62 Safari/537.36"
::1 - - [31/May/2018:09:31:28 +0000] "POST /v2/user/getall HTTP/1.1" 200 2973 "http://localhost:3000/ajax/a1.html" "Mozilla/5.0 (Windows NT 6.1; Win64; x64) AppleWebKit/537.36 (KHTML, like Gecko) Chrome/67.0.3396.62 Safari/537.36"
::1 - - [31/May/2018:09:31:28 +0000] "GET /v1/user11/11 HTTP/1.1" 404 1813 "http://localhost:3000/ajax/a1.html" "Mozilla/5.0 (Windows NT 6.1; Win64; x64) AppleWebKit/537.36 (KHTML, like Gecko) Chrome/67.0.3396.62 Safari/537.36"
::1 - - [31/May/2018:09:31:28 +0000] "GET /ajax/a1.html HTTP/1.1" 304 - "-" "Mozilla/5.0 (Windows NT 6.1; Win64; x64) AppleWebKit/537.36 (KHTML, like Gecko) Chrome/67.0.3396.62 Safari/537.36"
::1 - - [31/May/2018:09:31:28 +0000] "GET /ajax/jquery1.8.3.js HTTP/1.1" 304 - "http://localhost:3000/ajax/a1.html" "Mozilla/5.0 (Windows NT 6.1; Win64; x64) AppleWebKit/537.36 (KHTML, like Gecko) Chrome/67.0.3396.62 Safari/537.36"
::1 - - [31/May/2018:09:31:29 +0000] "POST /v2/user/getall HTTP/1.1" 200 2973 "http://localhost:3000/ajax/a1.html" "Mozilla/5.0 (Windows NT 6.1; Win64; x64) AppleWebKit/537.36 (KHTML, like Gecko) Chrome/67.0.3396.62 Safari/537.36"
::1 - - [31/May/2018:09:31:29 +0000] "GET /v1/user11/11 HTTP/1.1" 404 1813 "http://localhost:3000/ajax/a1.html" "Mozilla/5.0 (Windows NT 6.1; Win64; x64) AppleWebKit/537.36 (KHTML, like Gecko) Chrome/67.0.3396.62 Safari/537.36"
::1 - - [31/May/2018:09:31:29 +0000] "GET /ajax/a1.html HTTP/1.1" 200 3444 "-" "Mozilla/5.0 (Windows NT 6.1; Win64; x64) AppleWebKit/537.36 (KHTML, like Gecko) Chrome/67.0.3396.62 Safari/537.36"
::1 - - [31/May/2018:09:31:29 +0000] "GET /ajax/jquery1.8.3.js HTTP/1.1" 200 93661 "http://localhost:3000/ajax/a1.html" "Mozilla/5.0 (Windows NT 6.1; Win64; x64) AppleWebKit/537.36 (KHTML, like Gecko) Chrome/67.0.3396.62 Safari/537.36"
::1 - - [31/May/2018:09:31:30 +0000] "POST /v2/user/getall HTTP/1.1" 200 2973 "http://localhost:3000/ajax/a1.html" "Mozilla/5.0 (Windows NT 6.1; Win64; x64) AppleWebKit/537.36 (KHTML, like Gecko) Chrome/67.0.3396.62 Safari/537.36"
::1 - - [31/May/2018:09:31:30 +0000] "GET /v1/user11/11 HTTP/1.1" 404 1813 "http://localhost:3000/ajax/a1.html" "Mozilla/5.0 (Windows NT 6.1; Win64; x64) AppleWebKit/537.36 (KHTML, like Gecko) Chrome/67.0.3396.62 Safari/537.36"
::1 - - [31/May/2018:09:31:30 +0000] "GET /ajax/a1.html HTTP/1.1" 200 3444 "-" "Mozilla/5.0 (Windows NT 6.1; Win64; x64) AppleWebKit/537.36 (KHTML, like Gecko) Chrome/67.0.3396.62 Safari/537.36"
::1 - - [31/May/2018:09:31:30 +0000] "GET /ajax/jquery1.8.3.js HTTP/1.1" 200 93661 "http://localhost:3000/ajax/a1.html" "Mozilla/5.0 (Windows NT 6.1; Win64; x64) AppleWebKit/537.36 (KHTML, like Gecko) Chrome/67.0.3396.62 Safari/537.36"
::1 - - [31/May/2018:09:31:30 +0000] "POST /v2/user/getall HTTP/1.1" 200 2973 "http://localhost:3000/ajax/a1.html" "Mozilla/5.0 (Windows NT 6.1; Win64; x64) AppleWebKit/537.36 (KHTML, like Gecko) Chrome/67.0.3396.62 Safari/537.36"
::1 - - [31/May/2018:09:31:30 +0000] "GET /v1/user11/11 HTTP/1.1" 404 1813 "http://localhost:3000/ajax/a1.html" "Mozilla/5.0 (Windows NT 6.1; Win64; x64) AppleWebKit/537.36 (KHTML, like Gecko) Chrome/67.0.3396.62 Safari/537.36"
::1 - - [31/May/2018:09:31:30 +0000] "GET /ajax/a1.html HTTP/1.1" 200 3444 "-" "Mozilla/5.0 (Windows NT 6.1; Win64; x64) AppleWebKit/537.36 (KHTML, like Gecko) Chrome/67.0.3396.62 Safari/537.36"
::1 - - [31/May/2018:09:31:30 +0000] "GET /ajax/jquery1.8.3.js HTTP/1.1" 200 93661 "http://localhost:3000/ajax/a1.html" "Mozilla/5.0 (Windows NT 6.1; Win64; x64) AppleWebKit/537.36 (KHTML, like Gecko) Chrome/67.0.3396.62 Safari/537.36"
::1 - - [31/May/2018:09:31:30 +0000] "POST /v2/user/getall HTTP/1.1" 200 2973 "http://localhost:3000/ajax/a1.html" "Mozilla/5.0 (Windows NT 6.1; Win64; x64) AppleWebKit/537.36 (KHTML, like Gecko) Chrome/67.0.3396.62 Safari/537.36"
::1 - - [31/May/2018:09:31:30 +0000] "GET /v1/user11/11 HTTP/1.1" 404 1813 "http://localhost:3000/ajax/a1.html" "Mozilla/5.0 (Windows NT 6.1; Win64; x64) AppleWebKit/537.36 (KHTML, like Gecko) Chrome/67.0.3396.62 Safari/537.36"
::1 - - [31/May/2018:09:31:30 +0000] "GET /ajax/a1.html HTTP/1.1" 200 3444 "-" "Mozilla/5.0 (Windows NT 6.1; Win64; x64) AppleWebKit/537.36 (KHTML, like Gecko) Chrome/67.0.3396.62 Safari/537.36"
::1 - - [31/May/2018:09:31:30 +0000] "GET /ajax/jquery1.8.3.js HTTP/1.1" 200 93661 "http://localhost:3000/ajax/a1.html" "Mozilla/5.0 (Windows NT 6.1; Win64; x64) AppleWebKit/537.36 (KHTML, like Gecko) Chrome/67.0.3396.62 Safari/537.36"
::1 - - [31/May/2018:09:31:30 +0000] "POST /v2/user/getall HTTP/1.1" 200 2973 "http://localhost:3000/ajax/a1.html" "Mozilla/5.0 (Windows NT 6.1; Win64; x64) AppleWebKit/537.36 (KHTML, like Gecko) Chrome/67.0.3396.62 Safari/537.36"
::1 - - [31/May/2018:09:31:30 +0000] "GET /v1/user11/11 HTTP/1.1" 404 1813 "http://localhost:3000/ajax/a1.html" "Mozilla/5.0 (Windows NT 6.1; Win64; x64) AppleWebKit/537.36 (KHTML, like Gecko) Chrome/67.0.3396.62 Safari/537.36"
::1 - - [31/May/2018:09:31:30 +0000] "GET /ajax/a1.html HTTP/1.1" 200 3444 "-" "Mozilla/5.0 (Windows NT 6.1; Win64; x64) AppleWebKit/537.36 (KHTML, like Gecko) Chrome/67.0.3396.62 Safari/537.36"
::1 - - [31/May/2018:09:31:30 +0000] "GET /ajax/jquery1.8.3.js HTTP/1.1" 200 93661 "http://localhost:3000/ajax/a1.html" "Mozilla/5.0 (Windows NT 6.1; Win64; x64) AppleWebKit/537.36 (KHTML, like Gecko) Chrome/67.0.3396.62 Safari/537.36"
::1 - - [31/May/2018:09:31:30 +0000] "POST /v2/user/getall HTTP/1.1" 200 2973 "http://localhost:3000/ajax/a1.html" "Mozilla/5.0 (Windows NT 6.1; Win64; x64) AppleWebKit/537.36 (KHTML, like Gecko) Chrome/67.0.3396.62 Safari/537.36"
::1 - - [31/May/2018:09:31:30 +0000] "GET /v1/user11/11 HTTP/1.1" 404 1813 "http://localhost:3000/ajax/a1.html" "Mozilla/5.0 (Windows NT 6.1; Win64; x64) AppleWebKit/537.36 (KHTML, like Gecko) Chrome/67.0.3396.62 Safari/537.36"
::1 - - [31/May/2018:09:31:30 +0000] "GET /ajax/a1.html HTTP/1.1" 200 3444 "-" "Mozilla/5.0 (Windows NT 6.1; Win64; x64) AppleWebKit/537.36 (KHTML, like Gecko) Chrome/67.0.3396.62 Safari/537.36"
::1 - - [31/May/2018:09:31:30 +0000] "GET /ajax/jquery1.8.3.js HTTP/1.1" 200 93661 "http://localhost:3000/ajax/a1.html" "Mozilla/5.0 (Windows NT 6.1; Win64; x64) AppleWebKit/537.36 (KHTML, like Gecko) Chrome/67.0.3396.62 Safari/537.36"
::1 - - [31/May/2018:09:31:30 +0000] "POST /v2/user/getall HTTP/1.1" 200 2973 "http://localhost:3000/ajax/a1.html" "Mozilla/5.0 (Windows NT 6.1; Win64; x64) AppleWebKit/537.36 (KHTML, like Gecko) Chrome/67.0.3396.62 Safari/537.36"
::1 - - [31/May/2018:09:31:30 +0000] "GET /v1/user11/11 HTTP/1.1" 404 1813 "http://localhost:3000/ajax/a1.html" "Mozilla/5.0 (Windows NT 6.1; Win64; x64) AppleWebKit/537.36 (KHTML, like Gecko) Chrome/67.0.3396.62 Safari/537.36"
::1 - - [31/May/2018:10:15:37 +0000] "GET /public/ajax/a1.html HTTP/1.1" 404 1891 "-" "Mozilla/5.0 (Windows NT 6.1; Win64; x64) AppleWebKit/537.36 (KHTML, like Gecko) Chrome/67.0.3396.62 Safari/537.36"
::1 - - [31/May/2018:10:23:25 +0000] "GET /ajax/a1.html HTTP/1.1" 304 - "-" "Mozilla/5.0 (Windows NT 6.1; Win64; x64) AppleWebKit/537.36 (KHTML, like Gecko) Chrome/67.0.3396.62 Safari/537.36"
::1 - - [31/May/2018:10:23:25 +0000] "GET /ajax/jquery1.8.3.js HTTP/1.1" 304 - "http://localhost:3000/ajax/a1.html" "Mozilla/5.0 (Windows NT 6.1; Win64; x64) AppleWebKit/537.36 (KHTML, like Gecko) Chrome/67.0.3396.62 Safari/537.36"
::1 - - [31/May/2018:10:23:25 +0000] "POST /v2/user/getall HTTP/1.1" 200 2973 "http://localhost:3000/ajax/a1.html" "Mozilla/5.0 (Windows NT 6.1; Win64; x64) AppleWebKit/537.36 (KHTML, like Gecko) Chrome/67.0.3396.62 Safari/537.36"
::1 - - [31/May/2018:10:23:25 +0000] "GET /v1/user11/11 HTTP/1.1" 404 1813 "http://localhost:3000/ajax/a1.html" "Mozilla/5.0 (Windows NT 6.1; Win64; x64) AppleWebKit/537.36 (KHTML, like Gecko) Chrome/67.0.3396.62 Safari/537.36"
::1 - - [31/May/2018:10:23:27 +0000] "GET / HTTP/1.1" 304 - "-" "Mozilla/5.0 (Windows NT 6.1; Win64; x64) AppleWebKit/537.36 (KHTML, like Gecko) Chrome/67.0.3396.62 Safari/537.36"
::1 - - [31/May/2018:10:23:27 +0000] "GET /stylesheets/style.css HTTP/1.1" 304 - "http://localhost:3000/" "Mozilla/5.0 (Windows NT 6.1; Win64; x64) AppleWebKit/537.36 (KHTML, like Gecko) Chrome/67.0.3396.62 Safari/537.36"
::1 - - [31/May/2018:10:23:29 +0000] "GET / HTTP/1.1" 304 - "-" "Mozilla/5.0 (Windows NT 6.1; Win64; x64) AppleWebKit/537.36 (KHTML, like Gecko) Chrome/67.0.3396.62 Safari/537.36"
::1 - - [31/May/2018:10:23:29 +0000] "GET /stylesheets/style.css HTTP/1.1" 304 - "http://localhost:3000/" "Mozilla/5.0 (Windows NT 6.1; Win64; x64) AppleWebKit/537.36 (KHTML, like Gecko) Chrome/67.0.3396.62 Safari/537.36"
::1 - - [31/May/2018:10:23:29 +0000] "GET / HTTP/1.1" 304 - "-" "Mozilla/5.0 (Windows NT 6.1; Win64; x64) AppleWebKit/537.36 (KHTML, like Gecko) Chrome/67.0.3396.62 Safari/537.36"
::1 - - [31/May/2018:10:23:29 +0000] "GET /stylesheets/style.css HTTP/1.1" 304 - "http://localhost:3000/" "Mozilla/5.0 (Windows NT 6.1; Win64; x64) AppleWebKit/537.36 (KHTML, like Gecko) Chrome/67.0.3396.62 Safari/537.36"
::1 - - [31/May/2018:10:23:29 +0000] "GET / HTTP/1.1" 304 - "-" "Mozilla/5.0 (Windows NT 6.1; Win64; x64) AppleWebKit/537.36 (KHTML, like Gecko) Chrome/67.0.3396.62 Safari/537.36"
::1 - - [31/May/2018:10:23:29 +0000] "GET /stylesheets/style.css HTTP/1.1" 304 - "http://localhost:3000/" "Mozilla/5.0 (Windows NT 6.1; Win64; x64) AppleWebKit/537.36 (KHTML, like Gecko) Chrome/67.0.3396.62 Safari/537.36"
::1 - - [31/May/2018:10:23:29 +0000] "GET / HTTP/1.1" 304 - "-" "Mozilla/5.0 (Windows NT 6.1; Win64; x64) AppleWebKit/537.36 (KHTML, like Gecko) Chrome/67.0.3396.62 Safari/537.36"
::1 - - [31/May/2018:10:23:29 +0000] "GET /stylesheets/style.css HTTP/1.1" 304 - "http://localhost:3000/" "Mozilla/5.0 (Windows NT 6.1; Win64; x64) AppleWebKit/537.36 (KHTML, like Gecko) Chrome/67.0.3396.62 Safari/537.36"
::1 - - [31/May/2018:10:23:29 +0000] "GET / HTTP/1.1" 304 - "-" "Mozilla/5.0 (Windows NT 6.1; Win64; x64) AppleWebKit/537.36 (KHTML, like Gecko) Chrome/67.0.3396.62 Safari/537.36"
::1 - - [31/May/2018:10:23:29 +0000] "GET /stylesheets/style.css HTTP/1.1" 304 - "http://localhost:3000/" "Mozilla/5.0 (Windows NT 6.1; Win64; x64) AppleWebKit/537.36 (KHTML, like Gecko) Chrome/67.0.3396.62 Safari/537.36"
::1 - - [31/May/2018:10:23:30 +0000] "GET / HTTP/1.1" 304 - "-" "Mozilla/5.0 (Windows NT 6.1; Win64; x64) AppleWebKit/537.36 (KHTML, like Gecko) Chrome/67.0.3396.62 Safari/537.36"
::1 - - [31/May/2018:10:23:30 +0000] "GET /stylesheets/style.css HTTP/1.1" 304 - "http://localhost:3000/" "Mozilla/5.0 (Windows NT 6.1; Win64; x64) AppleWebKit/537.36 (KHTML, like Gecko) Chrome/67.0.3396.62 Safari/537.36"
::1 - - [31/May/2018:10:23:30 +0000] "GET / HTTP/1.1" 304 - "-" "Mozilla/5.0 (Windows NT 6.1; Win64; x64) AppleWebKit/537.36 (KHTML, like Gecko) Chrome/67.0.3396.62 Safari/537.36"
::1 - - [31/May/2018:10:23:30 +0000] "GET /stylesheets/style.css HTTP/1.1" 304 - "http://localhost:3000/" "Mozilla/5.0 (Windows NT 6.1; Win64; x64) AppleWebKit/537.36 (KHTML, like Gecko) Chrome/67.0.3396.62 Safari/537.36"
::1 - - [31/May/2018:10:23:30 +0000] "GET / HTTP/1.1" 304 - "-" "Mozilla/5.0 (Windows NT 6.1; Win64; x64) AppleWebKit/537.36 (KHTML, like Gecko) Chrome/67.0.3396.62 Safari/537.36"
::1 - - [31/May/2018:10:23:30 +0000] "GET /stylesheets/style.css HTTP/1.1" 304 - "http://localhost:3000/" "Mozilla/5.0 (Windows NT 6.1; Win64; x64) AppleWebKit/537.36 (KHTML, like Gecko) Chrome/67.0.3396.62 Safari/537.36"
::1 - - [31/May/2018:10:23:30 +0000] "GET / HTTP/1.1" 304 - "-" "Mozilla/5.0 (Windows NT 6.1; Win64; x64) AppleWebKit/537.36 (KHTML, like Gecko) Chrome/67.0.3396.62 Safari/537.36"
::1 - - [31/May/2018:10:23:30 +0000] "GET /stylesheets/style.css HTTP/1.1" 304 - "http://localhost:3000/" "Mozilla/5.0 (Windows NT 6.1; Win64; x64) AppleWebKit/537.36 (KHTML, like Gecko) Chrome/67.0.3396.62 Safari/537.36"
::1 - - [10/Jun/2018:06:06:34 +0000] "GET /ajax/a1.html HTTP/1.1" 200 3444 "-" "Mozilla/5.0 (Windows NT 6.1; Win64; x64) AppleWebKit/537.36 (KHTML, like Gecko) Chrome/67.0.3396.79 Safari/537.36"
::1 - - [10/Jun/2018:06:06:35 +0000] "GET /ajax/jquery1.8.3.js HTTP/1.1" 304 - "http://localhost:3000/ajax/a1.html" "Mozilla/5.0 (Windows NT 6.1; Win64; x64) AppleWebKit/537.36 (KHTML, like Gecko) Chrome/67.0.3396.79 Safari/537.36"
::1 - - [10/Jun/2018:06:06:35 +0000] "POST /v2/user/getall HTTP/1.1" 200 6604 "http://localhost:3000/ajax/a1.html" "Mozilla/5.0 (Windows NT 6.1; Win64; x64) AppleWebKit/537.36 (KHTML, like Gecko) Chrome/67.0.3396.79 Safari/537.36"
::1 - - [10/Jun/2018:06:06:35 +0000] "GET /v1/user11/11 HTTP/1.1" 404 1848 "http://localhost:3000/ajax/a1.html" "Mozilla/5.0 (Windows NT 6.1; Win64; x64) AppleWebKit/537.36 (KHTML, like Gecko) Chrome/67.0.3396.79 Safari/537.36"
::1 - - [10/Jun/2018:06:06:43 +0000] "GET /ajax/a1.html HTTP/1.1" 304 - "-" "Mozilla/5.0 (iPad; CPU OS 11_0 like Mac OS X) AppleWebKit/604.1.34 (KHTML, like Gecko) Version/11.0 Mobile/15A5341f Safari/604.1"
::1 - - [10/Jun/2018:06:06:43 +0000] "GET /ajax/jquery1.8.3.js HTTP/1.1" 304 - "http://localhost:3000/ajax/a1.html" "Mozilla/5.0 (iPad; CPU OS 11_0 like Mac OS X) AppleWebKit/604.1.34 (KHTML, like Gecko) Version/11.0 Mobile/15A5341f Safari/604.1"
::1 - - [10/Jun/2018:06:06:44 +0000] "POST /v2/user/getall HTTP/1.1" 200 6604 "http://localhost:3000/ajax/a1.html" "Mozilla/5.0 (iPad; CPU OS 11_0 like Mac OS X) AppleWebKit/604.1.34 (KHTML, like Gecko) Version/11.0 Mobile/15A5341f Safari/604.1"
::1 - - [10/Jun/2018:06:06:44 +0000] "GET /v1/user11/11 HTTP/1.1" 404 1848 "http://localhost:3000/ajax/a1.html" "Mozilla/5.0 (iPad; CPU OS 11_0 like Mac OS X) AppleWebKit/604.1.34 (KHTML, like Gecko) Version/11.0 Mobile/15A5341f Safari/604.1"
::1 - - [10/Jun/2018:06:06:49 +0000] "GET /ajax/a1.html HTTP/1.1" 304 - "-" "Mozilla/5.0 (iPad; CPU OS 11_0 like Mac OS X) AppleWebKit/604.1.34 (KHTML, like Gecko) Version/11.0 Mobile/15A5341f Safari/604.1"
::1 - - [10/Jun/2018:06:06:49 +0000] "GET /ajax/jquery1.8.3.js HTTP/1.1" 304 - "http://localhost:3000/ajax/a1.html" "Mozilla/5.0 (iPad; CPU OS 11_0 like Mac OS X) AppleWebKit/604.1.34 (KHTML, like Gecko) Version/11.0 Mobile/15A5341f Safari/604.1"
::1 - - [10/Jun/2018:06:06:50 +0000] "GET /v1/user11/11 HTTP/1.1" 404 1848 "http://localhost:3000/ajax/a1.html" "Mozilla/5.0 (iPad; CPU OS 11_0 like Mac OS X) AppleWebKit/604.1.34 (KHTML, like Gecko) Version/11.0 Mobile/15A5341f Safari/604.1"
::1 - - [10/Jun/2018:06:06:50 +0000] "POST /v2/user/getall HTTP/1.1" 200 6604 "http://localhost:3000/ajax/a1.html" "Mozilla/5.0 (iPad; CPU OS 11_0 like Mac OS X) AppleWebKit/604.1.34 (KHTML, like Gecko) Version/11.0 Mobile/15A5341f Safari/604.1"
::1 - - [10/Jun/2018:06:07:01 +0000] "GET /ajax/a1.html HTTP/1.1" 304 - "-" "Mozilla/5.0 (iPad; CPU OS 11_0 like Mac OS X) AppleWebKit/604.1.34 (KHTML, like Gecko) Version/11.0 Mobile/15A5341f Safari/604.1"
::1 - - [10/Jun/2018:06:07:01 +0000] "GET /ajax/jquery1.8.3.js HTTP/1.1" 304 - "http://localhost:3000/ajax/a1.html" "Mozilla/5.0 (iPad; CPU OS 11_0 like Mac OS X) AppleWebKit/604.1.34 (KHTML, like Gecko) Version/11.0 Mobile/15A5341f Safari/604.1"
::1 - - [10/Jun/2018:06:07:02 +0000] "POST /v2/user/getall HTTP/1.1" 200 6604 "http://localhost:3000/ajax/a1.html" "Mozilla/5.0 (iPad; CPU OS 11_0 like Mac OS X) AppleWebKit/604.1.34 (KHTML, like Gecko) Version/11.0 Mobile/15A5341f Safari/604.1"
::1 - - [10/Jun/2018:06:07:02 +0000] "GET /v1/user11/11 HTTP/1.1" 404 1848 "http://localhost:3000/ajax/a1.html" "Mozilla/5.0 (iPad; CPU OS 11_0 like Mac OS X) AppleWebKit/604.1.34 (KHTML, like Gecko) Version/11.0 Mobile/15A5341f Safari/604.1"
::1 - - [10/Jun/2018:06:44:25 +0000] "GET /ajax/a2.html HTTP/1.1" 200 2324 "-" "Mozilla/5.0 (iPad; CPU OS 11_0 like Mac OS X) AppleWebKit/604.1.34 (KHTML, like Gecko) Version/11.0 Mobile/15A5341f Safari/604.1"
::1 - - [10/Jun/2018:06:44:25 +0000] "GET /ajax/jquery1.8.3.js HTTP/1.1" 304 - "http://localhost:3000/ajax/a2.html" "Mozilla/5.0 (iPad; CPU OS 11_0 like Mac OS X) AppleWebKit/604.1.34 (KHTML, like Gecko) Version/11.0 Mobile/15A5341f Safari/604.1"
::1 - - [10/Jun/2018:06:44:42 +0000] "GET /ajax/a2.html HTTP/1.1" 304 - "-" "Mozilla/5.0 (iPad; CPU OS 11_0 like Mac OS X) AppleWebKit/604.1.34 (KHTML, like Gecko) Version/11.0 Mobile/15A5341f Safari/604.1"
::1 - - [10/Jun/2018:06:44:43 +0000] "GET /ajax/jquery1.8.3.js HTTP/1.1" 304 - "http://localhost:3000/ajax/a2.html" "Mozilla/5.0 (iPad; CPU OS 11_0 like Mac OS X) AppleWebKit/604.1.34 (KHTML, like Gecko) Version/11.0 Mobile/15A5341f Safari/604.1"
::1 - - [10/Jun/2018:06:44:54 +0000] "GET /ajax/a2.html HTTP/1.1" 304 - "-" "Mozilla/5.0 (iPad; CPU OS 11_0 like Mac OS X) AppleWebKit/604.1.34 (KHTML, like Gecko) Version/11.0 Mobile/15A5341f Safari/604.1"
::1 - - [10/Jun/2018:06:44:54 +0000] "GET /ajax/jquery1.8.3.js HTTP/1.1" 304 - "http://localhost:3000/ajax/a2.html" "Mozilla/5.0 (iPad; CPU OS 11_0 like Mac OS X) AppleWebKit/604.1.34 (KHTML, like Gecko) Version/11.0 Mobile/15A5341f Safari/604.1"
::1 - - [10/Jun/2018:06:45:25 +0000] "GET /ajax/a2.html HTTP/1.1" 200 2322 "-" "Mozilla/5.0 (iPad; CPU OS 11_0 like Mac OS X) AppleWebKit/604.1.34 (KHTML, like Gecko) Version/11.0 Mobile/15A5341f Safari/604.1"
::1 - - [10/Jun/2018:06:45:25 +0000] "GET /ajax/jquery1.8.3.js HTTP/1.1" 304 - "http://localhost:3000/ajax/a2.html" "Mozilla/5.0 (iPad; CPU OS 11_0 like Mac OS X) AppleWebKit/604.1.34 (KHTML, like Gecko) Version/11.0 Mobile/15A5341f Safari/604.1"
::1 - - [10/Jun/2018:06:45:25 +0000] "GET /v3/user/pushlog?time=2018-06-10+13%3A58%3A28&api=http%3A%2F%2F211.95.59.228%3A8050%2FDashboardTwoAPI%2FGetDayDetail&method=post&params=productCode%3D0&project=pad&project_language=cn&response=%7B%22errorCode%22%3A1%2C%22data%22%3A%22ORA-03113%3A+end-of-file+on+communication+channel%0AProcess+ID%3A+22735%0ASession+ID%3A+2235+Serial+number%3A+59206%22%2C%22time%22%3A%222018-06-10+13%3A47%3A14%22%7D HTTP/1.1" 200 41 "http://localhost:3000/ajax/a2.html" "Mozilla/5.0 (iPad; CPU OS 11_0 like Mac OS X) AppleWebKit/604.1.34 (KHTML, like Gecko) Version/11.0 Mobile/15A5341f Safari/604.1"
::1 - - [10/Jun/2018:06:53:35 +0000] "GET /ajax/a2.html HTTP/1.1" 304 - "-" "Mozilla/5.0 (iPad; CPU OS 11_0 like Mac OS X) AppleWebKit/604.1.34 (KHTML, like Gecko) Version/11.0 Mobile/15A5341f Safari/604.1"
::1 - - [10/Jun/2018:06:53:35 +0000] "GET /ajax/jquery1.8.3.js HTTP/1.1" 304 - "http://localhost:3000/ajax/a2.html" "Mozilla/5.0 (iPad; CPU OS 11_0 like Mac OS X) AppleWebKit/604.1.34 (KHTML, like Gecko) Version/11.0 Mobile/15A5341f Safari/604.1"
::1 - - [10/Jun/2018:06:53:35 +0000] "GET /v3/user/pushlog?time=2018-06-10+13%3A58%3A28&api=http%3A%2F%2F211.95.59.228%3A8050%2FDashboardTwoAPI%2FGetDayDetail&method=post&params=productCode%3D0&project=pad&project_language=cn&response=%7B%22errorCode%22%3A1%2C%22data%22%3A%22ORA-03113%3A+end-of-file+on+communication+channel%0AProcess+ID%3A+22735%0ASession+ID%3A+2235+Serial+number%3A+59206%22%2C%22time%22%3A%222018-06-10+13%3A47%3A14%22%7D HTTP/1.1" 200 41 "http://localhost:3000/ajax/a2.html" "Mozilla/5.0 (iPad; CPU OS 11_0 like Mac OS X) AppleWebKit/604.1.34 (KHTML, like Gecko) Version/11.0 Mobile/15A5341f Safari/604.1"
::1 - - [10/Jun/2018:07:10:52 +0000] "GET /ajax/a2.html HTTP/1.1" 304 - "-" "Mozilla/5.0 (iPad; CPU OS 11_0 like Mac OS X) AppleWebKit/604.1.34 (KHTML, like Gecko) Version/11.0 Mobile/15A5341f Safari/604.1"
::1 - - [10/Jun/2018:07:10:52 +0000] "GET /ajax/jquery1.8.3.js HTTP/1.1" 304 - "http://localhost:3000/ajax/a2.html" "Mozilla/5.0 (iPad; CPU OS 11_0 like Mac OS X) AppleWebKit/604.1.34 (KHTML, like Gecko) Version/11.0 Mobile/15A5341f Safari/604.1"
::1 - - [10/Jun/2018:07:10:53 +0000] "GET /v3/user/pushlog?time=2018-06-10+13%3A58%3A28&api=http%3A%2F%2F211.95.59.228%3A8050%2FDashboardTwoAPI%2FGetDayDetail&method=post&params=productCode%3D0&project=pad&project_language=cn&response=%7B%22errorCode%22%3A1%2C%22data%22%3A%22ORA-03113%3A+end-of-file+on+communication+channel%0AProcess+ID%3A+22735%0ASession+ID%3A+2235+Serial+number%3A+59206%22%2C%22time%22%3A%222018-06-10+13%3A47%3A14%22%7D HTTP/1.1" 200 41 "http://localhost:3000/ajax/a2.html" "Mozilla/5.0 (iPad; CPU OS 11_0 like Mac OS X) AppleWebKit/604.1.34 (KHTML, like Gecko) Version/11.0 Mobile/15A5341f Safari/604.1"
::1 - - [10/Jun/2018:07:33:44 +0000] "OPTIONS /v3/user/pushlog HTTP/1.1" 200 8 "-" "Mozilla/5.0 (iPad; CPU OS 11_0 like Mac OS X) AppleWebKit/604.1.34 (KHTML, like Gecko) Version/11.0 Mobile/15A5341f Safari/604.1"
::1 - - [10/Jun/2018:07:57:48 +0000] "OPTIONS /v3/user/pushlog HTTP/1.1" 200 8 "-" "Mozilla/5.0 (iPad; CPU OS 11_0 like Mac OS X) AppleWebKit/604.1.34 (KHTML, like Gecko) Version/11.0 Mobile/15A5341f Safari/604.1"
::1 - - [10/Jun/2018:07:57:48 +0000] "GET /v3/user/pushlog HTTP/1.1" 200 41 "http://localhost:8080/" "Mozilla/5.0 (iPad; CPU OS 11_0 like Mac OS X) AppleWebKit/604.1.34 (KHTML, like Gecko) Version/11.0 Mobile/15A5341f Safari/604.1"
::1 - - [10/Jun/2018:07:57:48 +0000] "GET /v3/user/pushlog HTTP/1.1" 200 41 "http://localhost:8080/" "Mozilla/5.0 (iPad; CPU OS 11_0 like Mac OS X) AppleWebKit/604.1.34 (KHTML, like Gecko) Version/11.0 Mobile/15A5341f Safari/604.1"
::1 - - [10/Jun/2018:07:57:48 +0000] "GET /v3/user/pushlog HTTP/1.1" 200 41 "http://localhost:8080/" "Mozilla/5.0 (iPad; CPU OS 11_0 like Mac OS X) AppleWebKit/604.1.34 (KHTML, like Gecko) Version/11.0 Mobile/15A5341f Safari/604.1"
::1 - - [10/Jun/2018:07:57:48 +0000] "GET /v3/user/pushlog HTTP/1.1" 200 41 "http://localhost:8080/" "Mozilla/5.0 (iPad; CPU OS 11_0 like Mac OS X) AppleWebKit/604.1.34 (KHTML, like Gecko) Version/11.0 Mobile/15A5341f Safari/604.1"
::1 - - [10/Jun/2018:07:57:48 +0000] "GET /v3/user/pushlog HTTP/1.1" 200 41 "http://localhost:8080/" "Mozilla/5.0 (iPad; CPU OS 11_0 like Mac OS X) AppleWebKit/604.1.34 (KHTML, like Gecko) Version/11.0 Mobile/15A5341f Safari/604.1"
::1 - - [10/Jun/2018:07:57:48 +0000] "GET /v3/user/pushlog HTTP/1.1" 200 41 "http://localhost:8080/" "Mozilla/5.0 (iPad; CPU OS 11_0 like Mac OS X) AppleWebKit/604.1.34 (KHTML, like Gecko) Version/11.0 Mobile/15A5341f Safari/604.1"
::1 - - [10/Jun/2018:07:57:48 +0000] "GET /v3/user/pushlog HTTP/1.1" 200 41 "http://localhost:8080/" "Mozilla/5.0 (iPad; CPU OS 11_0 like Mac OS X) AppleWebKit/604.1.34 (KHTML, like Gecko) Version/11.0 Mobile/15A5341f Safari/604.1"
::1 - - [10/Jun/2018:07:57:48 +0000] "GET /v3/user/pushlog HTTP/1.1" 200 41 "http://localhost:8080/" "Mozilla/5.0 (iPad; CPU OS 11_0 like Mac OS X) AppleWebKit/604.1.34 (KHTML, like Gecko) Version/11.0 Mobile/15A5341f Safari/604.1"
::1 - - [10/Jun/2018:07:57:48 +0000] "GET /v3/user/pushlog HTTP/1.1" 200 41 "http://localhost:8080/" "Mozilla/5.0 (iPad; CPU OS 11_0 like Mac OS X) AppleWebKit/604.1.34 (KHTML, like Gecko) Version/11.0 Mobile/15A5341f Safari/604.1"
::1 - - [10/Jun/2018:07:57:48 +0000] "GET /v3/user/pushlog HTTP/1.1" 200 41 "http://localhost:8080/" "Mozilla/5.0 (iPad; CPU OS 11_0 like Mac OS X) AppleWebKit/604.1.34 (KHTML, like Gecko) Version/11.0 Mobile/15A5341f Safari/604.1"
::1 - - [10/Jun/2018:07:57:48 +0000] "GET /v3/user/pushlog HTTP/1.1" 200 41 "http://localhost:8080/" "Mozilla/5.0 (iPad; CPU OS 11_0 like Mac OS X) AppleWebKit/604.1.34 (KHTML, like Gecko) Version/11.0 Mobile/15A5341f Safari/604.1"
::1 - - [10/Jun/2018:07:57:48 +0000] "GET /v3/user/pushlog HTTP/1.1" 200 41 "http://localhost:8080/" "Mozilla/5.0 (iPad; CPU OS 11_0 like Mac OS X) AppleWebKit/604.1.34 (KHTML, like Gecko) Version/11.0 Mobile/15A5341f Safari/604.1"
::1 - - [10/Jun/2018:07:57:48 +0000] "GET /v3/user/pushlog HTTP/1.1" 200 41 "http://localhost:8080/" "Mozilla/5.0 (iPad; CPU OS 11_0 like Mac OS X) AppleWebKit/604.1.34 (KHTML, like Gecko) Version/11.0 Mobile/15A5341f Safari/604.1"
::1 - - [10/Jun/2018:07:57:48 +0000] "GET /v3/user/pushlog HTTP/1.1" 200 41 "http://localhost:8080/" "Mozilla/5.0 (iPad; CPU OS 11_0 like Mac OS X) AppleWebKit/604.1.34 (KHTML, like Gecko) Version/11.0 Mobile/15A5341f Safari/604.1"
::1 - - [10/Jun/2018:07:57:48 +0000] "GET /v3/user/pushlog HTTP/1.1" 200 41 "http://localhost:8080/" "Mozilla/5.0 (iPad; CPU OS 11_0 like Mac OS X) AppleWebKit/604.1.34 (KHTML, like Gecko) Version/11.0 Mobile/15A5341f Safari/604.1"
::1 - - [10/Jun/2018:07:57:48 +0000] "GET /v3/user/pushlog HTTP/1.1" 200 41 "http://localhost:8080/" "Mozilla/5.0 (iPad; CPU OS 11_0 like Mac OS X) AppleWebKit/604.1.34 (KHTML, like Gecko) Version/11.0 Mobile/15A5341f Safari/604.1"
::1 - - [10/Jun/2018:07:57:48 +0000] "GET /v3/user/pushlog HTTP/1.1" 200 41 "http://localhost:8080/" "Mozilla/5.0 (iPad; CPU OS 11_0 like Mac OS X) AppleWebKit/604.1.34 (KHTML, like Gecko) Version/11.0 Mobile/15A5341f Safari/604.1"
::1 - - [10/Jun/2018:07:57:48 +0000] "GET /v3/user/pushlog HTTP/1.1" 200 41 "http://localhost:8080/" "Mozilla/5.0 (iPad; CPU OS 11_0 like Mac OS X) AppleWebKit/604.1.34 (KHTML, like Gecko) Version/11.0 Mobile/15A5341f Safari/604.1"
::1 - - [10/Jun/2018:07:57:49 +0000] "GET /v3/user/pushlog HTTP/1.1" 200 41 "http://localhost:8080/" "Mozilla/5.0 (iPad; CPU OS 11_0 like Mac OS X) AppleWebKit/604.1.34 (KHTML, like Gecko) Version/11.0 Mobile/15A5341f Safari/604.1"
::1 - - [10/Jun/2018:07:57:49 +0000] "GET /v3/user/pushlog HTTP/1.1" 200 41 "http://localhost:8080/" "Mozilla/5.0 (iPad; CPU OS 11_0 like Mac OS X) AppleWebKit/604.1.34 (KHTML, like Gecko) Version/11.0 Mobile/15A5341f Safari/604.1"
::1 - - [10/Jun/2018:07:57:50 +0000] "GET /v3/user/pushlog HTTP/1.1" 200 41 "http://localhost:8080/" "Mozilla/5.0 (iPad; CPU OS 11_0 like Mac OS X) AppleWebKit/604.1.34 (KHTML, like Gecko) Version/11.0 Mobile/15A5341f Safari/604.1"
::1 - - [10/Jun/2018:07:58:44 +0000] "OPTIONS /v3/user/pushlog HTTP/1.1" 200 8 "-" "Mozilla/5.0 (iPad; CPU OS 11_0 like Mac OS X) AppleWebKit/604.1.34 (KHTML, like Gecko) Version/11.0 Mobile/15A5341f Safari/604.1"
::1 - - [10/Jun/2018:07:59:01 +0000] "GET /v3/user/pushlog HTTP/1.1" 200 41 "http://localhost:8080/" "Mozilla/5.0 (iPad; CPU OS 11_0 like Mac OS X) AppleWebKit/604.1.34 (KHTML, like Gecko) Version/11.0 Mobile/15A5341f Safari/604.1"
::1 - - [10/Jun/2018:08:01:36 +0000] "OPTIONS /v3/user/pushlog HTTP/1.1" 200 8 "-" "Mozilla/5.0 (iPad; CPU OS 11_0 like Mac OS X) AppleWebKit/604.1.34 (KHTML, like Gecko) Version/11.0 Mobile/15A5341f Safari/604.1"
::1 - - [10/Jun/2018:08:03:30 +0000] "GET /v3/user/pushlog HTTP/1.1" 200 41 "http://localhost:8080/" "Mozilla/5.0 (iPad; CPU OS 11_0 like Mac OS X) AppleWebKit/604.1.34 (KHTML, like Gecko) Version/11.0 Mobile/15A5341f Safari/604.1"
::1 - - [10/Jun/2018:08:08:54 +0000] "OPTIONS /v3/user/pushlog HTTP/1.1" 200 8 "-" "Mozilla/5.0 (iPad; CPU OS 11_0 like Mac OS X) AppleWebKit/604.1.34 (KHTML, like Gecko) Version/11.0 Mobile/15A5341f Safari/604.1"
::1 - - [10/Jun/2018:08:08:54 +0000] "GET /v3/user/pushlog HTTP/1.1" 200 41 "http://localhost:8080/" "Mozilla/5.0 (iPad; CPU OS 11_0 like Mac OS X) AppleWebKit/604.1.34 (KHTML, like Gecko) Version/11.0 Mobile/15A5341f Safari/604.1"
::1 - - [10/Jun/2018:08:08:54 +0000] "GET /v3/user/pushlog HTTP/1.1" 200 41 "http://localhost:8080/" "Mozilla/5.0 (iPad; CPU OS 11_0 like Mac OS X) AppleWebKit/604.1.34 (KHTML, like Gecko) Version/11.0 Mobile/15A5341f Safari/604.1"
::1 - - [10/Jun/2018:08:08:55 +0000] "GET /v3/user/pushlog HTTP/1.1" 200 41 "http://localhost:8080/" "Mozilla/5.0 (iPad; CPU OS 11_0 like Mac OS X) AppleWebKit/604.1.34 (KHTML, like Gecko) Version/11.0 Mobile/15A5341f Safari/604.1"
::1 - - [10/Jun/2018:08:08:55 +0000] "GET /v3/user/pushlog HTTP/1.1" 200 41 "http://localhost:8080/" "Mozilla/5.0 (iPad; CPU OS 11_0 like Mac OS X) AppleWebKit/604.1.34 (KHTML, like Gecko) Version/11.0 Mobile/15A5341f Safari/604.1"
::1 - - [10/Jun/2018:08:08:55 +0000] "GET /v3/user/pushlog HTTP/1.1" 200 41 "http://localhost:8080/" "Mozilla/5.0 (iPad; CPU OS 11_0 like Mac OS X) AppleWebKit/604.1.34 (KHTML, like Gecko) Version/11.0 Mobile/15A5341f Safari/604.1"
::1 - - [10/Jun/2018:08:08:55 +0000] "GET /v3/user/pushlog HTTP/1.1" 200 41 "http://localhost:8080/" "Mozilla/5.0 (iPad; CPU OS 11_0 like Mac OS X) AppleWebKit/604.1.34 (KHTML, like Gecko) Version/11.0 Mobile/15A5341f Safari/604.1"
::1 - - [10/Jun/2018:08:08:55 +0000] "GET /v3/user/pushlog HTTP/1.1" 200 41 "http://localhost:8080/" "Mozilla/5.0 (iPad; CPU OS 11_0 like Mac OS X) AppleWebKit/604.1.34 (KHTML, like Gecko) Version/11.0 Mobile/15A5341f Safari/604.1"
::1 - - [10/Jun/2018:08:08:55 +0000] "GET /v3/user/pushlog HTTP/1.1" 200 41 "http://localhost:8080/" "Mozilla/5.0 (iPad; CPU OS 11_0 like Mac OS X) AppleWebKit/604.1.34 (KHTML, like Gecko) Version/11.0 Mobile/15A5341f Safari/604.1"
::1 - - [10/Jun/2018:08:08:55 +0000] "GET /v3/user/pushlog HTTP/1.1" 200 41 "http://localhost:8080/" "Mozilla/5.0 (iPad; CPU OS 11_0 like Mac OS X) AppleWebKit/604.1.34 (KHTML, like Gecko) Version/11.0 Mobile/15A5341f Safari/604.1"
::1 - - [10/Jun/2018:08:08:55 +0000] "GET /v3/user/pushlog HTTP/1.1" 200 41 "http://localhost:8080/" "Mozilla/5.0 (iPad; CPU OS 11_0 like Mac OS X) AppleWebKit/604.1.34 (KHTML, like Gecko) Version/11.0 Mobile/15A5341f Safari/604.1"
::1 - - [10/Jun/2018:08:08:55 +0000] "GET /v3/user/pushlog HTTP/1.1" 200 41 "http://localhost:8080/" "Mozilla/5.0 (iPad; CPU OS 11_0 like Mac OS X) AppleWebKit/604.1.34 (KHTML, like Gecko) Version/11.0 Mobile/15A5341f Safari/604.1"
::1 - - [10/Jun/2018:08:08:55 +0000] "GET /v3/user/pushlog HTTP/1.1" 200 41 "http://localhost:8080/" "Mozilla/5.0 (iPad; CPU OS 11_0 like Mac OS X) AppleWebKit/604.1.34 (KHTML, like Gecko) Version/11.0 Mobile/15A5341f Safari/604.1"
::1 - - [10/Jun/2018:08:08:56 +0000] "GET /v3/user/pushlog HTTP/1.1" 200 41 "http://localhost:8080/" "Mozilla/5.0 (iPad; CPU OS 11_0 like Mac OS X) AppleWebKit/604.1.34 (KHTML, like Gecko) Version/11.0 Mobile/15A5341f Safari/604.1"
::1 - - [10/Jun/2018:08:08:56 +0000] "GET /v3/user/pushlog HTTP/1.1" 200 41 "http://localhost:8080/" "Mozilla/5.0 (iPad; CPU OS 11_0 like Mac OS X) AppleWebKit/604.1.34 (KHTML, like Gecko) Version/11.0 Mobile/15A5341f Safari/604.1"
::1 - - [10/Jun/2018:08:08:56 +0000] "GET /v3/user/pushlog HTTP/1.1" 200 41 "http://localhost:8080/" "Mozilla/5.0 (iPad; CPU OS 11_0 like Mac OS X) AppleWebKit/604.1.34 (KHTML, like Gecko) Version/11.0 Mobile/15A5341f Safari/604.1"
::1 - - [10/Jun/2018:08:08:56 +0000] "GET /v3/user/pushlog HTTP/1.1" 200 41 "http://localhost:8080/" "Mozilla/5.0 (iPad; CPU OS 11_0 like Mac OS X) AppleWebKit/604.1.34 (KHTML, like Gecko) Version/11.0 Mobile/15A5341f Safari/604.1"
::1 - - [10/Jun/2018:08:08:56 +0000] "GET /v3/user/pushlog HTTP/1.1" 200 41 "http://localhost:8080/" "Mozilla/5.0 (iPad; CPU OS 11_0 like Mac OS X) AppleWebKit/604.1.34 (KHTML, like Gecko) Version/11.0 Mobile/15A5341f Safari/604.1"
::1 - - [10/Jun/2018:08:08:56 +0000] "GET /v3/user/pushlog HTTP/1.1" 200 41 "http://localhost:8080/" "Mozilla/5.0 (iPad; CPU OS 11_0 like Mac OS X) AppleWebKit/604.1.34 (KHTML, like Gecko) Version/11.0 Mobile/15A5341f Safari/604.1"
::1 - - [10/Jun/2018:08:08:56 +0000] "GET /v3/user/pushlog HTTP/1.1" 200 41 "http://localhost:8080/" "Mozilla/5.0 (iPad; CPU OS 11_0 like Mac OS X) AppleWebKit/604.1.34 (KHTML, like Gecko) Version/11.0 Mobile/15A5341f Safari/604.1"
::1 - - [10/Jun/2018:08:08:57 +0000] "GET /v3/user/pushlog HTTP/1.1" 200 41 "http://localhost:8080/" "Mozilla/5.0 (iPad; CPU OS 11_0 like Mac OS X) AppleWebKit/604.1.34 (KHTML, like Gecko) Version/11.0 Mobile/15A5341f Safari/604.1"
::1 - - [10/Jun/2018:08:08:58 +0000] "GET /v3/user/pushlog HTTP/1.1" 200 41 "http://localhost:8080/" "Mozilla/5.0 (iPad; CPU OS 11_0 like Mac OS X) AppleWebKit/604.1.34 (KHTML, like Gecko) Version/11.0 Mobile/15A5341f Safari/604.1"
::1 - - [10/Jun/2018:08:08:59 +0000] "OPTIONS /v3/user/pushlog HTTP/1.1" 200 8 "-" "Mozilla/5.0 (iPad; CPU OS 11_0 like Mac OS X) AppleWebKit/604.1.34 (KHTML, like Gecko) Version/11.0 Mobile/15A5341f Safari/604.1"
::1 - - [10/Jun/2018:08:08:59 +0000] "GET /v3/user/pushlog HTTP/1.1" 200 41 "http://localhost:8080/" "Mozilla/5.0 (iPad; CPU OS 11_0 like Mac OS X) AppleWebKit/604.1.34 (KHTML, like Gecko) Version/11.0 Mobile/15A5341f Safari/604.1"
::1 - - [10/Jun/2018:08:19:37 +0000] "OPTIONS /v3/user/pushlog HTTP/1.1" 200 8 "-" "Mozilla/5.0 (iPad; CPU OS 11_0 like Mac OS X) AppleWebKit/604.1.34 (KHTML, like Gecko) Version/11.0 Mobile/15A5341f Safari/604.1"
::1 - - [10/Jun/2018:08:19:38 +0000] "OPTIONS /v3/user/pushlog HTTP/1.1" 200 8 "-" "Mozilla/5.0 (iPad; CPU OS 11_0 like Mac OS X) AppleWebKit/604.1.34 (KHTML, like Gecko) Version/11.0 Mobile/15A5341f Safari/604.1"
::1 - - [10/Jun/2018:08:20:39 +0000] "GET /v3/user/pushlog HTTP/1.1" 200 41 "http://localhost:8080/" "Mozilla/5.0 (iPad; CPU OS 11_0 like Mac OS X) AppleWebKit/604.1.34 (KHTML, like Gecko) Version/11.0 Mobile/15A5341f Safari/604.1"
::1 - - [10/Jun/2018:08:20:41 +0000] "GET /v3/user/pushlog HTTP/1.1" 200 41 "http://localhost:8080/" "Mozilla/5.0 (iPad; CPU OS 11_0 like Mac OS X) AppleWebKit/604.1.34 (KHTML, like Gecko) Version/11.0 Mobile/15A5341f Safari/604.1"
::1 - - [10/Jun/2018:08:41:23 +0000] "OPTIONS /v3/user/pushlog HTTP/1.1" 200 8 "-" "Mozilla/5.0 (iPad; CPU OS 11_0 like Mac OS X) AppleWebKit/604.1.34 (KHTML, like Gecko) Version/11.0 Mobile/15A5341f Safari/604.1"
::1 - - [10/Jun/2018:08:41:23 +0000] "OPTIONS /v3/user/pushlog HTTP/1.1" 200 8 "-" "Mozilla/5.0 (iPad; CPU OS 11_0 like Mac OS X) AppleWebKit/604.1.34 (KHTML, like Gecko) Version/11.0 Mobile/15A5341f Safari/604.1"
::1 - - [10/Jun/2018:08:41:23 +0000] "GET /v3/user/pushlog HTTP/1.1" 200 41 "http://localhost:8080/" "Mozilla/5.0 (iPad; CPU OS 11_0 like Mac OS X) AppleWebKit/604.1.34 (KHTML, like Gecko) Version/11.0 Mobile/15A5341f Safari/604.1"
::1 - - [10/Jun/2018:08:41:23 +0000] "GET /v3/user/pushlog HTTP/1.1" 200 41 "http://localhost:8080/" "Mozilla/5.0 (iPad; CPU OS 11_0 like Mac OS X) AppleWebKit/604.1.34 (KHTML, like Gecko) Version/11.0 Mobile/15A5341f Safari/604.1"
::1 - - [10/Jun/2018:08:41:23 +0000] "GET /v3/user/pushlog HTTP/1.1" 200 41 "http://localhost:8080/" "Mozilla/5.0 (iPad; CPU OS 11_0 like Mac OS X) AppleWebKit/604.1.34 (KHTML, like Gecko) Version/11.0 Mobile/15A5341f Safari/604.1"
::1 - - [10/Jun/2018:08:41:23 +0000] "GET /v3/user/pushlog HTTP/1.1" 200 41 "http://localhost:8080/" "Mozilla/5.0 (iPad; CPU OS 11_0 like Mac OS X) AppleWebKit/604.1.34 (KHTML, like Gecko) Version/11.0 Mobile/15A5341f Safari/604.1"
::1 - - [10/Jun/2018:08:41:23 +0000] "GET /v3/user/pushlog HTTP/1.1" 200 41 "http://localhost:8080/" "Mozilla/5.0 (iPad; CPU OS 11_0 like Mac OS X) AppleWebKit/604.1.34 (KHTML, like Gecko) Version/11.0 Mobile/15A5341f Safari/604.1"
::1 - - [10/Jun/2018:08:41:23 +0000] "GET /v3/user/pushlog HTTP/1.1" 200 41 "http://localhost:8080/" "Mozilla/5.0 (iPad; CPU OS 11_0 like Mac OS X) AppleWebKit/604.1.34 (KHTML, like Gecko) Version/11.0 Mobile/15A5341f Safari/604.1"
::1 - - [10/Jun/2018:08:41:23 +0000] "GET /v3/user/pushlog HTTP/1.1" 200 41 "http://localhost:8080/" "Mozilla/5.0 (iPad; CPU OS 11_0 like Mac OS X) AppleWebKit/604.1.34 (KHTML, like Gecko) Version/11.0 Mobile/15A5341f Safari/604.1"
::1 - - [10/Jun/2018:08:41:23 +0000] "GET /v3/user/pushlog HTTP/1.1" 200 41 "http://localhost:8080/" "Mozilla/5.0 (iPad; CPU OS 11_0 like Mac OS X) AppleWebKit/604.1.34 (KHTML, like Gecko) Version/11.0 Mobile/15A5341f Safari/604.1"
::1 - - [10/Jun/2018:08:41:23 +0000] "GET /v3/user/pushlog HTTP/1.1" 200 41 "http://localhost:8080/" "Mozilla/5.0 (iPad; CPU OS 11_0 like Mac OS X) AppleWebKit/604.1.34 (KHTML, like Gecko) Version/11.0 Mobile/15A5341f Safari/604.1"
::1 - - [10/Jun/2018:08:41:23 +0000] "GET /v3/user/pushlog HTTP/1.1" 200 41 "http://localhost:8080/" "Mozilla/5.0 (iPad; CPU OS 11_0 like Mac OS X) AppleWebKit/604.1.34 (KHTML, like Gecko) Version/11.0 Mobile/15A5341f Safari/604.1"
::1 - - [10/Jun/2018:08:41:23 +0000] "GET /v3/user/pushlog HTTP/1.1" 200 41 "http://localhost:8080/" "Mozilla/5.0 (iPad; CPU OS 11_0 like Mac OS X) AppleWebKit/604.1.34 (KHTML, like Gecko) Version/11.0 Mobile/15A5341f Safari/604.1"
::1 - - [10/Jun/2018:08:41:23 +0000] "GET /v3/user/pushlog HTTP/1.1" 200 41 "http://localhost:8080/" "Mozilla/5.0 (iPad; CPU OS 11_0 like Mac OS X) AppleWebKit/604.1.34 (KHTML, like Gecko) Version/11.0 Mobile/15A5341f Safari/604.1"
::1 - - [10/Jun/2018:08:41:23 +0000] "GET /v3/user/pushlog HTTP/1.1" 200 41 "http://localhost:8080/" "Mozilla/5.0 (iPad; CPU OS 11_0 like Mac OS X) AppleWebKit/604.1.34 (KHTML, like Gecko) Version/11.0 Mobile/15A5341f Safari/604.1"
::1 - - [10/Jun/2018:08:41:23 +0000] "GET /v3/user/pushlog HTTP/1.1" 200 41 "http://localhost:8080/" "Mozilla/5.0 (iPad; CPU OS 11_0 like Mac OS X) AppleWebKit/604.1.34 (KHTML, like Gecko) Version/11.0 Mobile/15A5341f Safari/604.1"
::1 - - [10/Jun/2018:08:41:23 +0000] "GET /v3/user/pushlog HTTP/1.1" 200 41 "http://localhost:8080/" "Mozilla/5.0 (iPad; CPU OS 11_0 like Mac OS X) AppleWebKit/604.1.34 (KHTML, like Gecko) Version/11.0 Mobile/15A5341f Safari/604.1"
::1 - - [10/Jun/2018:08:41:23 +0000] "GET /v3/user/pushlog HTTP/1.1" 200 41 "http://localhost:8080/" "Mozilla/5.0 (iPad; CPU OS 11_0 like Mac OS X) AppleWebKit/604.1.34 (KHTML, like Gecko) Version/11.0 Mobile/15A5341f Safari/604.1"
::1 - - [10/Jun/2018:08:41:23 +0000] "GET /v3/user/pushlog HTTP/1.1" 200 41 "http://localhost:8080/" "Mozilla/5.0 (iPad; CPU OS 11_0 like Mac OS X) AppleWebKit/604.1.34 (KHTML, like Gecko) Version/11.0 Mobile/15A5341f Safari/604.1"
::1 - - [10/Jun/2018:08:41:24 +0000] "GET /v3/user/pushlog HTTP/1.1" 200 41 "http://localhost:8080/" "Mozilla/5.0 (iPad; CPU OS 11_0 like Mac OS X) AppleWebKit/604.1.34 (KHTML, like Gecko) Version/11.0 Mobile/15A5341f Safari/604.1"
::1 - - [10/Jun/2018:08:41:24 +0000] "GET /v3/user/pushlog HTTP/1.1" 200 41 "http://localhost:8080/" "Mozilla/5.0 (iPad; CPU OS 11_0 like Mac OS X) AppleWebKit/604.1.34 (KHTML, like Gecko) Version/11.0 Mobile/15A5341f Safari/604.1"
::1 - - [10/Jun/2018:08:41:24 +0000] "GET /v3/user/pushlog HTTP/1.1" 200 41 "http://localhost:8080/" "Mozilla/5.0 (iPad; CPU OS 11_0 like Mac OS X) AppleWebKit/604.1.34 (KHTML, like Gecko) Version/11.0 Mobile/15A5341f Safari/604.1"
::1 - - [10/Jun/2018:08:41:24 +0000] "GET /v3/user/pushlog HTTP/1.1" 200 41 "http://localhost:8080/" "Mozilla/5.0 (iPad; CPU OS 11_0 like Mac OS X) AppleWebKit/604.1.34 (KHTML, like Gecko) Version/11.0 Mobile/15A5341f Safari/604.1"
::1 - - [10/Jun/2018:08:41:24 +0000] "GET /v3/user/pushlog HTTP/1.1" 200 41 "http://localhost:8080/" "Mozilla/5.0 (iPad; CPU OS 11_0 like Mac OS X) AppleWebKit/604.1.34 (KHTML, like Gecko) Version/11.0 Mobile/15A5341f Safari/604.1"
::1 - - [10/Jun/2018:08:41:24 +0000] "GET /v3/user/pushlog HTTP/1.1" 200 41 "http://localhost:8080/" "Mozilla/5.0 (iPad; CPU OS 11_0 like Mac OS X) AppleWebKit/604.1.34 (KHTML, like Gecko) Version/11.0 Mobile/15A5341f Safari/604.1"
::1 - - [10/Jun/2018:08:41:24 +0000] "GET /v3/user/pushlog HTTP/1.1" 200 41 "http://localhost:8080/" "Mozilla/5.0 (iPad; CPU OS 11_0 like Mac OS X) AppleWebKit/604.1.34 (KHTML, like Gecko) Version/11.0 Mobile/15A5341f Safari/604.1"
::1 - - [10/Jun/2018:08:41:24 +0000] "GET /v3/user/pushlog HTTP/1.1" 200 41 "http://localhost:8080/" "Mozilla/5.0 (iPad; CPU OS 11_0 like Mac OS X) AppleWebKit/604.1.34 (KHTML, like Gecko) Version/11.0 Mobile/15A5341f Safari/604.1"
::1 - - [10/Jun/2018:08:41:24 +0000] "GET /v3/user/pushlog HTTP/1.1" 200 41 "http://localhost:8080/" "Mozilla/5.0 (iPad; CPU OS 11_0 like Mac OS X) AppleWebKit/604.1.34 (KHTML, like Gecko) Version/11.0 Mobile/15A5341f Safari/604.1"
::1 - - [10/Jun/2018:08:41:24 +0000] "GET /v3/user/pushlog HTTP/1.1" 200 41 "http://localhost:8080/" "Mozilla/5.0 (iPad; CPU OS 11_0 like Mac OS X) AppleWebKit/604.1.34 (KHTML, like Gecko) Version/11.0 Mobile/15A5341f Safari/604.1"
::1 - - [10/Jun/2018:08:41:24 +0000] "GET /v3/user/pushlog HTTP/1.1" 200 41 "http://localhost:8080/" "Mozilla/5.0 (iPad; CPU OS 11_0 like Mac OS X) AppleWebKit/604.1.34 (KHTML, like Gecko) Version/11.0 Mobile/15A5341f Safari/604.1"
::1 - - [10/Jun/2018:08:41:24 +0000] "GET /v3/user/pushlog HTTP/1.1" 200 41 "http://localhost:8080/" "Mozilla/5.0 (iPad; CPU OS 11_0 like Mac OS X) AppleWebKit/604.1.34 (KHTML, like Gecko) Version/11.0 Mobile/15A5341f Safari/604.1"
::1 - - [10/Jun/2018:08:41:24 +0000] "GET /v3/user/pushlog HTTP/1.1" 200 41 "http://localhost:8080/" "Mozilla/5.0 (iPad; CPU OS 11_0 like Mac OS X) AppleWebKit/604.1.34 (KHTML, like Gecko) Version/11.0 Mobile/15A5341f Safari/604.1"
::1 - - [10/Jun/2018:08:41:24 +0000] "GET /v3/user/pushlog HTTP/1.1" 200 41 "http://localhost:8080/" "Mozilla/5.0 (iPad; CPU OS 11_0 like Mac OS X) AppleWebKit/604.1.34 (KHTML, like Gecko) Version/11.0 Mobile/15A5341f Safari/604.1"
::1 - - [10/Jun/2018:08:41:24 +0000] "GET /v3/user/pushlog HTTP/1.1" 200 41 "http://localhost:8080/" "Mozilla/5.0 (iPad; CPU OS 11_0 like Mac OS X) AppleWebKit/604.1.34 (KHTML, like Gecko) Version/11.0 Mobile/15A5341f Safari/604.1"
::1 - - [10/Jun/2018:08:41:25 +0000] "GET /v3/user/pushlog HTTP/1.1" 200 41 "http://localhost:8080/" "Mozilla/5.0 (iPad; CPU OS 11_0 like Mac OS X) AppleWebKit/604.1.34 (KHTML, like Gecko) Version/11.0 Mobile/15A5341f Safari/604.1"
::1 - - [10/Jun/2018:08:41:25 +0000] "GET /v3/user/pushlog HTTP/1.1" 200 41 "http://localhost:8080/" "Mozilla/5.0 (iPad; CPU OS 11_0 like Mac OS X) AppleWebKit/604.1.34 (KHTML, like Gecko) Version/11.0 Mobile/15A5341f Safari/604.1"
::1 - - [10/Jun/2018:08:41:25 +0000] "GET /v3/user/pushlog HTTP/1.1" 200 41 "http://localhost:8080/" "Mozilla/5.0 (iPad; CPU OS 11_0 like Mac OS X) AppleWebKit/604.1.34 (KHTML, like Gecko) Version/11.0 Mobile/15A5341f Safari/604.1"
::1 - - [10/Jun/2018:08:41:25 +0000] "GET /v3/user/pushlog HTTP/1.1" 200 41 "http://localhost:8080/" "Mozilla/5.0 (iPad; CPU OS 11_0 like Mac OS X) AppleWebKit/604.1.34 (KHTML, like Gecko) Version/11.0 Mobile/15A5341f Safari/604.1"
::1 - - [10/Jun/2018:08:41:25 +0000] "GET /v3/user/pushlog HTTP/1.1" 200 41 "http://localhost:8080/" "Mozilla/5.0 (iPad; CPU OS 11_0 like Mac OS X) AppleWebKit/604.1.34 (KHTML, like Gecko) Version/11.0 Mobile/15A5341f Safari/604.1"
::1 - - [10/Jun/2018:08:41:25 +0000] "GET /v3/user/pushlog HTTP/1.1" 200 41 "http://localhost:8080/" "Mozilla/5.0 (iPad; CPU OS 11_0 like Mac OS X) AppleWebKit/604.1.34 (KHTML, like Gecko) Version/11.0 Mobile/15A5341f Safari/604.1"
::1 - - [10/Jun/2018:08:41:26 +0000] "GET /v3/user/pushlog HTTP/1.1" 200 41 "http://localhost:8080/" "Mozilla/5.0 (iPad; CPU OS 11_0 like Mac OS X) AppleWebKit/604.1.34 (KHTML, like Gecko) Version/11.0 Mobile/15A5341f Safari/604.1"
::1 - - [10/Jun/2018:08:41:26 +0000] "GET /v3/user/pushlog HTTP/1.1" 200 41 "http://localhost:8080/" "Mozilla/5.0 (iPad; CPU OS 11_0 like Mac OS X) AppleWebKit/604.1.34 (KHTML, like Gecko) Version/11.0 Mobile/15A5341f Safari/604.1"
::1 - - [10/Jun/2018:08:41:27 +0000] "GET /v3/user/pushlog HTTP/1.1" 200 41 "http://localhost:8080/" "Mozilla/5.0 (iPad; CPU OS 11_0 like Mac OS X) AppleWebKit/604.1.34 (KHTML, like Gecko) Version/11.0 Mobile/15A5341f Safari/604.1"
::1 - - [10/Jun/2018:08:41:31 +0000] "OPTIONS /v3/user/pushlog HTTP/1.1" 200 8 "-" "Mozilla/5.0 (iPad; CPU OS 11_0 like Mac OS X) AppleWebKit/604.1.34 (KHTML, like Gecko) Version/11.0 Mobile/15A5341f Safari/604.1"
::1 - - [10/Jun/2018:08:41:31 +0000] "OPTIONS /v3/user/pushlog HTTP/1.1" 200 8 "-" "Mozilla/5.0 (iPad; CPU OS 11_0 like Mac OS X) AppleWebKit/604.1.34 (KHTML, like Gecko) Version/11.0 Mobile/15A5341f Safari/604.1"
::1 - - [10/Jun/2018:08:41:34 +0000] "GET /v3/user/pushlog HTTP/1.1" 200 41 "http://localhost:8080/" "Mozilla/5.0 (iPad; CPU OS 11_0 like Mac OS X) AppleWebKit/604.1.34 (KHTML, like Gecko) Version/11.0 Mobile/15A5341f Safari/604.1"
::1 - - [10/Jun/2018:08:41:35 +0000] "GET /v3/user/pushlog HTTP/1.1" 200 41 "http://localhost:8080/" "Mozilla/5.0 (iPad; CPU OS 11_0 like Mac OS X) AppleWebKit/604.1.34 (KHTML, like Gecko) Version/11.0 Mobile/15A5341f Safari/604.1"
::1 - - [10/Jun/2018:08:41:37 +0000] "GET /v3/user/pushlog HTTP/1.1" 200 41 "http://localhost:8080/" "Mozilla/5.0 (iPad; CPU OS 11_0 like Mac OS X) AppleWebKit/604.1.34 (KHTML, like Gecko) Version/11.0 Mobile/15A5341f Safari/604.1"
::1 - - [10/Jun/2018:13:15:12 +0000] "GET /ajax/a1.html HTTP/1.1" 304 - "-" "Mozilla/5.0 (Windows NT 6.1; Win64; x64) AppleWebKit/537.36 (KHTML, like Gecko) Chrome/67.0.3396.79 Safari/537.36"
::1 - - [10/Jun/2018:13:15:12 +0000] "GET /ajax/jquery1.8.3.js HTTP/1.1" 304 - "http://localhost:3000/ajax/a1.html" "Mozilla/5.0 (Windows NT 6.1; Win64; x64) AppleWebKit/537.36 (KHTML, like Gecko) Chrome/67.0.3396.79 Safari/537.36"
::1 - - [10/Jun/2018:13:15:12 +0000] "POST /v2/user/getall HTTP/1.1" 200 45 "http://localhost:3000/ajax/a1.html" "Mozilla/5.0 (Windows NT 6.1; Win64; x64) AppleWebKit/537.36 (KHTML, like Gecko) Chrome/67.0.3396.79 Safari/537.36"
::1 - - [10/Jun/2018:13:15:12 +0000] "GET /v1/user11/11 HTTP/1.1" 404 1848 "http://localhost:3000/ajax/a1.html" "Mozilla/5.0 (Windows NT 6.1; Win64; x64) AppleWebKit/537.36 (KHTML, like Gecko) Chrome/67.0.3396.79 Safari/537.36"
::1 - - [10/Jun/2018:13:26:34 +0000] "GET / HTTP/1.1" 200 224 "-" "Mozilla/5.0 (Windows NT 6.1; Win64; x64) AppleWebKit/537.36 (KHTML, like Gecko) Chrome/67.0.3396.79 Safari/537.36"
::1 - - [10/Jun/2018:13:26:34 +0000] "GET /stylesheets/style.css HTTP/1.1" 200 119 "http://localhost:3000/" "Mozilla/5.0 (Windows NT 6.1; Win64; x64) AppleWebKit/537.36 (KHTML, like Gecko) Chrome/67.0.3396.79 Safari/537.36"
::1 - - [10/Jun/2018:13:26:49 +0000] "GET / HTTP/1.1" 304 - "-" "Mozilla/5.0 (Windows NT 6.1; Win64; x64) AppleWebKit/537.36 (KHTML, like Gecko) Chrome/67.0.3396.79 Safari/537.36"
::1 - - [10/Jun/2018:13:26:49 +0000] "GET /stylesheets/style.css HTTP/1.1" 304 - "http://localhost:3000/" "Mozilla/5.0 (Windows NT 6.1; Win64; x64) AppleWebKit/537.36 (KHTML, like Gecko) Chrome/67.0.3396.79 Safari/537.36"
::1 - - [10/Jun/2018:13:26:49 +0000] "GET /favicon.ico HTTP/1.1" 404 1926 "http://localhost:3000/" "Mozilla/5.0 (Windows NT 6.1; Win64; x64) AppleWebKit/537.36 (KHTML, like Gecko) Chrome/67.0.3396.79 Safari/537.36"
::1 - - [10/Jun/2018:13:26:51 +0000] "GET / HTTP/1.1" 304 - "-" "Mozilla/5.0 (Windows NT 6.1; Win64; x64) AppleWebKit/537.36 (KHTML, like Gecko) Chrome/67.0.3396.79 Safari/537.36"
::1 - - [10/Jun/2018:13:26:51 +0000] "GET /stylesheets/style.css HTTP/1.1" 304 - "http://localhost:3000/" "Mozilla/5.0 (Windows NT 6.1; Win64; x64) AppleWebKit/537.36 (KHTML, like Gecko) Chrome/67.0.3396.79 Safari/537.36"
::1 - - [10/Jun/2018:13:26:51 +0000] "GET / HTTP/1.1" 304 - "-" "Mozilla/5.0 (Windows NT 6.1; Win64; x64) AppleWebKit/537.36 (KHTML, like Gecko) Chrome/67.0.3396.79 Safari/537.36"
::1 - - [10/Jun/2018:13:26:51 +0000] "GET /stylesheets/style.css HTTP/1.1" 304 - "http://localhost:3000/" "Mozilla/5.0 (Windows NT 6.1; Win64; x64) AppleWebKit/537.36 (KHTML, like Gecko) Chrome/67.0.3396.79 Safari/537.36"
::1 - - [10/Jun/2018:13:26:51 +0000] "GET / HTTP/1.1" 304 - "-" "Mozilla/5.0 (Windows NT 6.1; Win64; x64) AppleWebKit/537.36 (KHTML, like Gecko) Chrome/67.0.3396.79 Safari/537.36"
::1 - - [10/Jun/2018:13:26:51 +0000] "GET /stylesheets/style.css HTTP/1.1" 304 - "http://localhost:3000/" "Mozilla/5.0 (Windows NT 6.1; Win64; x64) AppleWebKit/537.36 (KHTML, like Gecko) Chrome/67.0.3396.79 Safari/537.36"
::1 - - [10/Jun/2018:13:36:07 +0000] "GET /ajax/a1.html HTTP/1.1" 200 3464 "-" "Mozilla/5.0 (Windows NT 6.1; Win64; x64) AppleWebKit/537.36 (KHTML, like Gecko) Chrome/67.0.3396.79 Safari/537.36"
::1 - - [10/Jun/2018:13:36:07 +0000] "GET /ajax/jquery1.8.3.js HTTP/1.1" 304 - "http://localhost:3000/ajax/a1.html" "Mozilla/5.0 (Windows NT 6.1; Win64; x64) AppleWebKit/537.36 (KHTML, like Gecko) Chrome/67.0.3396.79 Safari/537.36"
::1 - - [10/Jun/2018:13:36:11 +0000] "GET /ajax/a1.html HTTP/1.1" 304 - "-" "Mozilla/5.0 (iPad; CPU OS 11_0 like Mac OS X) AppleWebKit/604.1.34 (KHTML, like Gecko) Version/11.0 Mobile/15A5341f Safari/604.1"
::1 - - [10/Jun/2018:13:36:11 +0000] "GET /ajax/jquery1.8.3.js HTTP/1.1" 304 - "http://localhost:3000/ajax/a1.html" "Mozilla/5.0 (iPad; CPU OS 11_0 like Mac OS X) AppleWebKit/604.1.34 (KHTML, like Gecko) Version/11.0 Mobile/15A5341f Safari/604.1"
::1 - - [10/Jun/2018:13:36:11 +0000] "GET /ajax/a1.html HTTP/1.1" 304 - "-" "Mozilla/5.0 (iPad; CPU OS 11_0 like Mac OS X) AppleWebKit/604.1.34 (KHTML, like Gecko) Version/11.0 Mobile/15A5341f Safari/604.1"
::1 - - [10/Jun/2018:13:36:11 +0000] "GET /ajax/jquery1.8.3.js HTTP/1.1" 304 - "http://localhost:3000/ajax/a1.html" "Mozilla/5.0 (iPad; CPU OS 11_0 like Mac OS X) AppleWebKit/604.1.34 (KHTML, like Gecko) Version/11.0 Mobile/15A5341f Safari/604.1"
::1 - - [10/Jun/2018:13:36:12 +0000] "GET /ajax/a1.html HTTP/1.1" 304 - "-" "Mozilla/5.0 (iPad; CPU OS 11_0 like Mac OS X) AppleWebKit/604.1.34 (KHTML, like Gecko) Version/11.0 Mobile/15A5341f Safari/604.1"
::1 - - [10/Jun/2018:13:36:12 +0000] "GET /ajax/jquery1.8.3.js HTTP/1.1" 304 - "http://localhost:3000/ajax/a1.html" "Mozilla/5.0 (iPad; CPU OS 11_0 like Mac OS X) AppleWebKit/604.1.34 (KHTML, like Gecko) Version/11.0 Mobile/15A5341f Safari/604.1"
::1 - - [10/Jun/2018:13:36:12 +0000] "GET /ajax/a1.html HTTP/1.1" 304 - "-" "Mozilla/5.0 (iPad; CPU OS 11_0 like Mac OS X) AppleWebKit/604.1.34 (KHTML, like Gecko) Version/11.0 Mobile/15A5341f Safari/604.1"
::1 - - [10/Jun/2018:13:36:12 +0000] "GET /ajax/jquery1.8.3.js HTTP/1.1" 304 - "http://localhost:3000/ajax/a1.html" "Mozilla/5.0 (iPad; CPU OS 11_0 like Mac OS X) AppleWebKit/604.1.34 (KHTML, like Gecko) Version/11.0 Mobile/15A5341f Safari/604.1"
::1 - - [10/Jun/2018:13:36:12 +0000] "GET /ajax/a1.html HTTP/1.1" 304 - "-" "Mozilla/5.0 (iPad; CPU OS 11_0 like Mac OS X) AppleWebKit/604.1.34 (KHTML, like Gecko) Version/11.0 Mobile/15A5341f Safari/604.1"
::1 - - [10/Jun/2018:13:36:12 +0000] "GET /ajax/jquery1.8.3.js HTTP/1.1" 304 - "http://localhost:3000/ajax/a1.html" "Mozilla/5.0 (iPad; CPU OS 11_0 like Mac OS X) AppleWebKit/604.1.34 (KHTML, like Gecko) Version/11.0 Mobile/15A5341f Safari/604.1"
::1 - - [10/Jun/2018:13:36:20 +0000] "GET /ajax/a1.html HTTP/1.1" 304 - "-" "Mozilla/5.0 (iPad; CPU OS 11_0 like Mac OS X) AppleWebKit/604.1.34 (KHTML, like Gecko) Version/11.0 Mobile/15A5341f Safari/604.1"
::1 - - [10/Jun/2018:13:36:20 +0000] "GET /ajax/jquery1.8.3.js HTTP/1.1" 304 - "http://localhost:3000/ajax/a1.html" "Mozilla/5.0 (iPad; CPU OS 11_0 like Mac OS X) AppleWebKit/604.1.34 (KHTML, like Gecko) Version/11.0 Mobile/15A5341f Safari/604.1"
::1 - - [10/Jun/2018:13:36:31 +0000] "GET /ajax/a1.html HTTP/1.1" 304 - "-" "Mozilla/5.0 (Windows NT 6.1; Win64; x64) AppleWebKit/537.36 (KHTML, like Gecko) Chrome/67.0.3396.79 Safari/537.36"
::1 - - [10/Jun/2018:13:36:31 +0000] "GET /ajax/jquery1.8.3.js HTTP/1.1" 304 - "http://localhost:3000/ajax/a1.html" "Mozilla/5.0 (Windows NT 6.1; Win64; x64) AppleWebKit/537.36 (KHTML, like Gecko) Chrome/67.0.3396.79 Safari/537.36"
::1 - - [10/Jun/2018:13:36:32 +0000] "GET /ajax/a1.html HTTP/1.1" 304 - "-" "Mozilla/5.0 (Windows NT 6.1; Win64; x64) AppleWebKit/537.36 (KHTML, like Gecko) Chrome/67.0.3396.79 Safari/537.36"
::1 - - [10/Jun/2018:13:36:32 +0000] "GET /ajax/jquery1.8.3.js HTTP/1.1" 304 - "http://localhost:3000/ajax/a1.html" "Mozilla/5.0 (Windows NT 6.1; Win64; x64) AppleWebKit/537.36 (KHTML, like Gecko) Chrome/67.0.3396.79 Safari/537.36"
::1 - - [10/Jun/2018:13:36:32 +0000] "GET /ajax/a1.html HTTP/1.1" 304 - "-" "Mozilla/5.0 (Windows NT 6.1; Win64; x64) AppleWebKit/537.36 (KHTML, like Gecko) Chrome/67.0.3396.79 Safari/537.36"
::1 - - [10/Jun/2018:13:36:32 +0000] "GET /ajax/jquery1.8.3.js HTTP/1.1" 304 - "http://localhost:3000/ajax/a1.html" "Mozilla/5.0 (Windows NT 6.1; Win64; x64) AppleWebKit/537.36 (KHTML, like Gecko) Chrome/67.0.3396.79 Safari/537.36"
::1 - - [10/Jun/2018:13:37:22 +0000] "POST /v1/user/register HTTP/1.1" 200 41 "http://localhost:3000/ajax/a1.html" "Mozilla/5.0 (Windows NT 6.1; Win64; x64) AppleWebKit/537.36 (KHTML, like Gecko) Chrome/67.0.3396.79 Safari/537.36"
::1 - - [10/Jun/2018:13:37:33 +0000] "POST /v1/user/register HTTP/1.1" 200 41 "http://localhost:3000/ajax/a1.html" "Mozilla/5.0 (Windows NT 6.1; Win64; x64) AppleWebKit/537.36 (KHTML, like Gecko) Chrome/67.0.3396.79 Safari/537.36"
::1 - - [10/Jun/2018:13:37:43 +0000] "POST /v1/user/register HTTP/1.1" 200 35 "http://localhost:3000/ajax/a1.html" "Mozilla/5.0 (Windows NT 6.1; Win64; x64) AppleWebKit/537.36 (KHTML, like Gecko) Chrome/67.0.3396.79 Safari/537.36"
::1 - - [10/Jun/2018:14:04:04 +0000] "OPTIONS /v3/user/pushlog HTTP/1.1" 200 8 "-" "Mozilla/5.0 (iPad; CPU OS 11_0 like Mac OS X) AppleWebKit/604.1.34 (KHTML, like Gecko) Version/11.0 Mobile/15A5341f Safari/604.1"
::1 - - [10/Jun/2018:14:04:04 +0000] "GET /v3/user/pushlog HTTP/1.1" 200 41 "http://localhost:8080/" "Mozilla/5.0 (iPad; CPU OS 11_0 like Mac OS X) AppleWebKit/604.1.34 (KHTML, like Gecko) Version/11.0 Mobile/15A5341f Safari/604.1"
::1 - - [10/Jun/2018:14:04:04 +0000] "GET /v3/user/pushlog HTTP/1.1" 200 41 "http://localhost:8080/" "Mozilla/5.0 (iPad; CPU OS 11_0 like Mac OS X) AppleWebKit/604.1.34 (KHTML, like Gecko) Version/11.0 Mobile/15A5341f Safari/604.1"
::1 - - [10/Jun/2018:14:04:04 +0000] "GET /v3/user/pushlog HTTP/1.1" 200 41 "http://localhost:8080/" "Mozilla/5.0 (iPad; CPU OS 11_0 like Mac OS X) AppleWebKit/604.1.34 (KHTML, like Gecko) Version/11.0 Mobile/15A5341f Safari/604.1"
::1 - - [10/Jun/2018:14:04:04 +0000] "GET /v3/user/pushlog HTTP/1.1" 200 41 "http://localhost:8080/" "Mozilla/5.0 (iPad; CPU OS 11_0 like Mac OS X) AppleWebKit/604.1.34 (KHTML, like Gecko) Version/11.0 Mobile/15A5341f Safari/604.1"
::1 - - [10/Jun/2018:14:04:04 +0000] "GET /v3/user/pushlog HTTP/1.1" 200 41 "http://localhost:8080/" "Mozilla/5.0 (iPad; CPU OS 11_0 like Mac OS X) AppleWebKit/604.1.34 (KHTML, like Gecko) Version/11.0 Mobile/15A5341f Safari/604.1"
::1 - - [10/Jun/2018:14:04:04 +0000] "GET /v3/user/pushlog HTTP/1.1" 200 41 "http://localhost:8080/" "Mozilla/5.0 (iPad; CPU OS 11_0 like Mac OS X) AppleWebKit/604.1.34 (KHTML, like Gecko) Version/11.0 Mobile/15A5341f Safari/604.1"
::1 - - [10/Jun/2018:14:04:04 +0000] "GET /v3/user/pushlog HTTP/1.1" 200 41 "http://localhost:8080/" "Mozilla/5.0 (iPad; CPU OS 11_0 like Mac OS X) AppleWebKit/604.1.34 (KHTML, like Gecko) Version/11.0 Mobile/15A5341f Safari/604.1"
::1 - - [10/Jun/2018:14:04:04 +0000] "GET /v3/user/pushlog HTTP/1.1" 200 41 "http://localhost:8080/" "Mozilla/5.0 (iPad; CPU OS 11_0 like Mac OS X) AppleWebKit/604.1.34 (KHTML, like Gecko) Version/11.0 Mobile/15A5341f Safari/604.1"
::1 - - [10/Jun/2018:14:04:04 +0000] "GET /v3/user/pushlog HTTP/1.1" 200 41 "http://localhost:8080/" "Mozilla/5.0 (iPad; CPU OS 11_0 like Mac OS X) AppleWebKit/604.1.34 (KHTML, like Gecko) Version/11.0 Mobile/15A5341f Safari/604.1"
::1 - - [10/Jun/2018:14:04:04 +0000] "GET /v3/user/pushlog HTTP/1.1" 200 41 "http://localhost:8080/" "Mozilla/5.0 (iPad; CPU OS 11_0 like Mac OS X) AppleWebKit/604.1.34 (KHTML, like Gecko) Version/11.0 Mobile/15A5341f Safari/604.1"
::1 - - [10/Jun/2018:14:04:04 +0000] "GET /v3/user/pushlog HTTP/1.1" 200 41 "http://localhost:8080/" "Mozilla/5.0 (iPad; CPU OS 11_0 like Mac OS X) AppleWebKit/604.1.34 (KHTML, like Gecko) Version/11.0 Mobile/15A5341f Safari/604.1"
::1 - - [10/Jun/2018:14:04:04 +0000] "GET /v3/user/pushlog HTTP/1.1" 200 41 "http://localhost:8080/" "Mozilla/5.0 (iPad; CPU OS 11_0 like Mac OS X) AppleWebKit/604.1.34 (KHTML, like Gecko) Version/11.0 Mobile/15A5341f Safari/604.1"
::1 - - [10/Jun/2018:14:04:04 +0000] "GET /v3/user/pushlog HTTP/1.1" 200 41 "http://localhost:8080/" "Mozilla/5.0 (iPad; CPU OS 11_0 like Mac OS X) AppleWebKit/604.1.34 (KHTML, like Gecko) Version/11.0 Mobile/15A5341f Safari/604.1"
::1 - - [10/Jun/2018:14:04:04 +0000] "GET /v3/user/pushlog HTTP/1.1" 200 41 "http://localhost:8080/" "Mozilla/5.0 (iPad; CPU OS 11_0 like Mac OS X) AppleWebKit/604.1.34 (KHTML, like Gecko) Version/11.0 Mobile/15A5341f Safari/604.1"
::1 - - [10/Jun/2018:14:04:04 +0000] "GET /v3/user/pushlog HTTP/1.1" 200 41 "http://localhost:8080/" "Mozilla/5.0 (iPad; CPU OS 11_0 like Mac OS X) AppleWebKit/604.1.34 (KHTML, like Gecko) Version/11.0 Mobile/15A5341f Safari/604.1"
::1 - - [10/Jun/2018:14:04:04 +0000] "GET /v3/user/pushlog HTTP/1.1" 200 41 "http://localhost:8080/" "Mozilla/5.0 (iPad; CPU OS 11_0 like Mac OS X) AppleWebKit/604.1.34 (KHTML, like Gecko) Version/11.0 Mobile/15A5341f Safari/604.1"
::1 - - [10/Jun/2018:14:04:04 +0000] "GET /v3/user/pushlog HTTP/1.1" 200 41 "http://localhost:8080/" "Mozilla/5.0 (iPad; CPU OS 11_0 like Mac OS X) AppleWebKit/604.1.34 (KHTML, like Gecko) Version/11.0 Mobile/15A5341f Safari/604.1"
::1 - - [10/Jun/2018:14:04:05 +0000] "GET /v3/user/pushlog HTTP/1.1" 200 41 "http://localhost:8080/" "Mozilla/5.0 (iPad; CPU OS 11_0 like Mac OS X) AppleWebKit/604.1.34 (KHTML, like Gecko) Version/11.0 Mobile/15A5341f Safari/604.1"
::1 - - [10/Jun/2018:14:04:05 +0000] "GET /v3/user/pushlog HTTP/1.1" 200 41 "http://localhost:8080/" "Mozilla/5.0 (iPad; CPU OS 11_0 like Mac OS X) AppleWebKit/604.1.34 (KHTML, like Gecko) Version/11.0 Mobile/15A5341f Safari/604.1"
::1 - - [10/Jun/2018:14:04:06 +0000] "GET /v3/user/pushlog HTTP/1.1" 200 41 "http://localhost:8080/" "Mozilla/5.0 (iPad; CPU OS 11_0 like Mac OS X) AppleWebKit/604.1.34 (KHTML, like Gecko) Version/11.0 Mobile/15A5341f Safari/604.1"
::1 - - [10/Jun/2018:14:04:07 +0000] "GET /v3/user/pushlog HTTP/1.1" 200 41 "http://localhost:8080/" "Mozilla/5.0 (iPad; CPU OS 11_0 like Mac OS X) AppleWebKit/604.1.34 (KHTML, like Gecko) Version/11.0 Mobile/15A5341f Safari/604.1"
::1 - - [10/Jun/2018:14:04:08 +0000] "GET /v3/user/pushlog HTTP/1.1" 200 41 "http://localhost:8080/" "Mozilla/5.0 (iPad; CPU OS 11_0 like Mac OS X) AppleWebKit/604.1.34 (KHTML, like Gecko) Version/11.0 Mobile/15A5341f Safari/604.1"
::1 - - [10/Jun/2018:14:04:31 +0000] "OPTIONS /v3/user/pushlog HTTP/1.1" 200 8 "-" "Mozilla/5.0 (iPad; CPU OS 11_0 like Mac OS X) AppleWebKit/604.1.34 (KHTML, like Gecko) Version/11.0 Mobile/15A5341f Safari/604.1"
::1 - - [10/Jun/2018:14:09:21 +0000] "GET /v3/user/pushlog HTTP/1.1" 200 41 "http://localhost:8080/" "Mozilla/5.0 (Windows NT 6.1; Win64; x64) AppleWebKit/537.36 (KHTML, like Gecko) Chrome/67.0.3396.79 Safari/537.36"
::1 - - [10/Jun/2018:14:09:36 +0000] "OPTIONS /v3/user/pushlog HTTP/1.1" 200 8 "-" "Mozilla/5.0 (Windows NT 6.1; Win64; x64) AppleWebKit/537.36 (KHTML, like Gecko) Chrome/67.0.3396.79 Safari/537.36"
::1 - - [10/Jun/2018:14:35:28 +0000] "OPTIONS /v3/user/pushlog HTTP/1.1" 200 8 "-" "Mozilla/5.0 (iPad; CPU OS 11_0 like Mac OS X) AppleWebKit/604.1.34 (KHTML, like Gecko) Version/11.0 Mobile/15A5341f Safari/604.1"
::1 - - [10/Jun/2018:14:35:28 +0000] "GET /v3/user/pushlog HTTP/1.1" 200 41 "http://localhost:8080/" "Mozilla/5.0 (iPad; CPU OS 11_0 like Mac OS X) AppleWebKit/604.1.34 (KHTML, like Gecko) Version/11.0 Mobile/15A5341f Safari/604.1"
::1 - - [10/Jun/2018:14:35:28 +0000] "GET /v3/user/pushlog HTTP/1.1" 200 41 "http://localhost:8080/" "Mozilla/5.0 (iPad; CPU OS 11_0 like Mac OS X) AppleWebKit/604.1.34 (KHTML, like Gecko) Version/11.0 Mobile/15A5341f Safari/604.1"
::1 - - [10/Jun/2018:14:35:28 +0000] "GET /v3/user/pushlog HTTP/1.1" 200 41 "http://localhost:8080/" "Mozilla/5.0 (iPad; CPU OS 11_0 like Mac OS X) AppleWebKit/604.1.34 (KHTML, like Gecko) Version/11.0 Mobile/15A5341f Safari/604.1"
::1 - - [10/Jun/2018:14:35:28 +0000] "GET /v3/user/pushlog HTTP/1.1" 200 41 "http://localhost:8080/" "Mozilla/5.0 (iPad; CPU OS 11_0 like Mac OS X) AppleWebKit/604.1.34 (KHTML, like Gecko) Version/11.0 Mobile/15A5341f Safari/604.1"
::1 - - [10/Jun/2018:14:35:28 +0000] "GET /v3/user/pushlog HTTP/1.1" 200 41 "http://localhost:8080/" "Mozilla/5.0 (iPad; CPU OS 11_0 like Mac OS X) AppleWebKit/604.1.34 (KHTML, like Gecko) Version/11.0 Mobile/15A5341f Safari/604.1"
::1 - - [10/Jun/2018:14:35:28 +0000] "GET /v3/user/pushlog HTTP/1.1" 200 41 "http://localhost:8080/" "Mozilla/5.0 (iPad; CPU OS 11_0 like Mac OS X) AppleWebKit/604.1.34 (KHTML, like Gecko) Version/11.0 Mobile/15A5341f Safari/604.1"
::1 - - [10/Jun/2018:14:35:28 +0000] "GET /v3/user/pushlog HTTP/1.1" 200 41 "http://localhost:8080/" "Mozilla/5.0 (iPad; CPU OS 11_0 like Mac OS X) AppleWebKit/604.1.34 (KHTML, like Gecko) Version/11.0 Mobile/15A5341f Safari/604.1"
::1 - - [10/Jun/2018:14:35:28 +0000] "GET /v3/user/pushlog HTTP/1.1" 200 41 "http://localhost:8080/" "Mozilla/5.0 (iPad; CPU OS 11_0 like Mac OS X) AppleWebKit/604.1.34 (KHTML, like Gecko) Version/11.0 Mobile/15A5341f Safari/604.1"
::1 - - [10/Jun/2018:14:35:28 +0000] "GET /v3/user/pushlog HTTP/1.1" 200 41 "http://localhost:8080/" "Mozilla/5.0 (iPad; CPU OS 11_0 like Mac OS X) AppleWebKit/604.1.34 (KHTML, like Gecko) Version/11.0 Mobile/15A5341f Safari/604.1"
::1 - - [10/Jun/2018:14:35:28 +0000] "GET /v3/user/pushlog HTTP/1.1" 200 41 "http://localhost:8080/" "Mozilla/5.0 (iPad; CPU OS 11_0 like Mac OS X) AppleWebKit/604.1.34 (KHTML, like Gecko) Version/11.0 Mobile/15A5341f Safari/604.1"
::1 - - [10/Jun/2018:14:35:28 +0000] "GET /v3/user/pushlog HTTP/1.1" 200 41 "http://localhost:8080/" "Mozilla/5.0 (iPad; CPU OS 11_0 like Mac OS X) AppleWebKit/604.1.34 (KHTML, like Gecko) Version/11.0 Mobile/15A5341f Safari/604.1"
::1 - - [10/Jun/2018:14:35:28 +0000] "GET /v3/user/pushlog HTTP/1.1" 200 41 "http://localhost:8080/" "Mozilla/5.0 (iPad; CPU OS 11_0 like Mac OS X) AppleWebKit/604.1.34 (KHTML, like Gecko) Version/11.0 Mobile/15A5341f Safari/604.1"
::1 - - [10/Jun/2018:14:35:28 +0000] "GET /v3/user/pushlog HTTP/1.1" 200 41 "http://localhost:8080/" "Mozilla/5.0 (iPad; CPU OS 11_0 like Mac OS X) AppleWebKit/604.1.34 (KHTML, like Gecko) Version/11.0 Mobile/15A5341f Safari/604.1"
::1 - - [10/Jun/2018:14:35:28 +0000] "GET /v3/user/pushlog HTTP/1.1" 200 41 "http://localhost:8080/" "Mozilla/5.0 (iPad; CPU OS 11_0 like Mac OS X) AppleWebKit/604.1.34 (KHTML, like Gecko) Version/11.0 Mobile/15A5341f Safari/604.1"
::1 - - [10/Jun/2018:14:35:28 +0000] "GET /v3/user/pushlog HTTP/1.1" 200 41 "http://localhost:8080/" "Mozilla/5.0 (iPad; CPU OS 11_0 like Mac OS X) AppleWebKit/604.1.34 (KHTML, like Gecko) Version/11.0 Mobile/15A5341f Safari/604.1"
::1 - - [10/Jun/2018:14:35:28 +0000] "GET /v3/user/pushlog HTTP/1.1" 200 41 "http://localhost:8080/" "Mozilla/5.0 (iPad; CPU OS 11_0 like Mac OS X) AppleWebKit/604.1.34 (KHTML, like Gecko) Version/11.0 Mobile/15A5341f Safari/604.1"
::1 - - [10/Jun/2018:14:35:28 +0000] "GET /v3/user/pushlog HTTP/1.1" 200 41 "http://localhost:8080/" "Mozilla/5.0 (iPad; CPU OS 11_0 like Mac OS X) AppleWebKit/604.1.34 (KHTML, like Gecko) Version/11.0 Mobile/15A5341f Safari/604.1"
::1 - - [10/Jun/2018:14:35:29 +0000] "GET /v3/user/pushlog HTTP/1.1" 200 41 "http://localhost:8080/" "Mozilla/5.0 (iPad; CPU OS 11_0 like Mac OS X) AppleWebKit/604.1.34 (KHTML, like Gecko) Version/11.0 Mobile/15A5341f Safari/604.1"
::1 - - [10/Jun/2018:14:35:29 +0000] "GET /v3/user/pushlog HTTP/1.1" 200 41 "http://localhost:8080/" "Mozilla/5.0 (iPad; CPU OS 11_0 like Mac OS X) AppleWebKit/604.1.34 (KHTML, like Gecko) Version/11.0 Mobile/15A5341f Safari/604.1"
::1 - - [10/Jun/2018:14:35:29 +0000] "GET /v3/user/pushlog HTTP/1.1" 200 41 "http://localhost:8080/" "Mozilla/5.0 (iPad; CPU OS 11_0 like Mac OS X) AppleWebKit/604.1.34 (KHTML, like Gecko) Version/11.0 Mobile/15A5341f Safari/604.1"
::1 - - [10/Jun/2018:14:35:30 +0000] "GET /v3/user/pushlog HTTP/1.1" 200 41 "http://localhost:8080/" "Mozilla/5.0 (iPad; CPU OS 11_0 like Mac OS X) AppleWebKit/604.1.34 (KHTML, like Gecko) Version/11.0 Mobile/15A5341f Safari/604.1"
::1 - - [10/Jun/2018:14:35:31 +0000] "GET /v3/user/pushlog HTTP/1.1" 200 41 "http://localhost:8080/" "Mozilla/5.0 (iPad; CPU OS 11_0 like Mac OS X) AppleWebKit/604.1.34 (KHTML, like Gecko) Version/11.0 Mobile/15A5341f Safari/604.1"
::1 - - [10/Jun/2018:14:36:23 +0000] "OPTIONS /v3/user/pushlog HTTP/1.1" 200 8 "-" "Mozilla/5.0 (iPad; CPU OS 11_0 like Mac OS X) AppleWebKit/604.1.34 (KHTML, like Gecko) Version/11.0 Mobile/15A5341f Safari/604.1"
